{"logTime": "1219/141535", "correlationVector":"7I730qHcP5HknScNCm7Sdd.29","action":"GetUpdates", "result":"DeleteReceived", "context":{"id":"891f0296-70af-49b1-b231-eeda9816790f", "isDeleted:":"true", "version":"1697873083626"}}
{"logTime": "1219/141535", "correlationVector":"7I730qHcP5HknScNCm7Sdd.30","action":"GetUpdates", "result":"DeleteReceived", "context":{"id":"ca399fbf-fd24-42db-b530-47496deb4195", "isDeleted:":"true", "version":"1697873083629"}}
{"logTime": "1219/141535", "correlationVector":"7I730qHcP5HknScNCm7Sdd.31","action":"GetUpdates", "result":"DeleteReceived", "context":{"id":"9b318f57-9305-4d0a-8bc6-879ea6b5eb7c", "isDeleted:":"true", "version":"1697874188946"}}
{"logTime": "1219/141535", "correlationVector":"7I730qHcP5HknScNCm7Sdd.32","action":"GetUpdates", "result":"DeleteReceived", "context":{"id":"7b22ea08-4959-45db-8727-5e86a24769b7", "isDeleted:":"true", "version":"1697874188947"}}
{"logTime": "1219/141535", "correlationVector":"7I730qHcP5HknScNCm7Sdd.33","action":"GetUpdates", "result":"DeleteReceived", "context":{"id":"63075b55-e7ce-4968-b6b8-1b127685b560", "isDeleted:":"true", "version":"1697874188949"}}
{"logTime": "1219/141535", "correlationVector":"7I730qHcP5HknScNCm7Sdd.34","action":"GetUpdates", "result":"DeleteReceived", "context":{"id":"8bd3bb80-1116-46a3-87c1-9718b9c8ec57", "isDeleted:":"true", "version":"1697874188950"}}
{"logTime": "1219/141535", "correlationVector":"7I730qHcP5HknScNCm7Sdd.35","action":"GetUpdates", "result":"DeleteReceived", "context":{"id":"85a6beb9-be8d-4daa-9b82-1224243939c6", "isDeleted:":"true", "version":"1697874188952"}}
{"logTime": "1219/141535", "correlationVector":"7I730qHcP5HknScNCm7Sdd.36","action":"GetUpdates", "result":"DeleteReceived", "context":{"id":"495df701-8e23-4545-9d58-f05b08c75123", "isDeleted:":"true", "version":"1697874188953"}}
{"logTime": "1219/141535", "correlationVector":"7I730qHcP5HknScNCm7Sdd.37","action":"GetUpdates", "result":"DeleteReceived", "context":{"id":"c6f63931-9d47-442e-8f5c-361941445f1a", "isDeleted:":"true", "version":"1697874188954"}}
{"logTime": "1219/141535", "correlationVector":"7I730qHcP5HknScNCm7Sdd.38","action":"GetUpdates", "result":"DeleteReceived", "context":{"id":"3ce2192b-d9c3-4fbf-bad7-c2896cca34c4", "isDeleted:":"true", "version":"1697874188955"}}
{"logTime": "1219/141535", "correlationVector":"7I730qHcP5HknScNCm7Sdd.39","action":"GetUpdates", "result":"DeleteReceived", "context":{"id":"a2e37616-e79e-438a-8565-9d2af8235533", "isDeleted:":"true", "version":"1697874188957"}}
{"logTime": "1219/141535", "correlationVector":"7I730qHcP5HknScNCm7Sdd.40","action":"GetUpdates", "result":"DeleteReceived", "context":{"id":"dce26e17-e437-42e0-8894-f72d805dbded", "isDeleted:":"true", "version":"1697874188958"}}
{"logTime": "1219/141535", "correlationVector":"7I730qHcP5HknScNCm7Sdd.41","action":"GetUpdates", "result":"DeleteReceived", "context":{"id":"0f7cf453-aae0-4b30-b159-fa7ac5095e67", "isDeleted:":"true", "version":"1697875168474"}}
{"logTime": "1219/141535", "correlationVector":"7I730qHcP5HknScNCm7Sdd.42","action":"GetUpdates", "result":"DeleteReceived", "context":{"id":"c1f6c273-aacc-43b4-a414-a4f9a794b50b", "isDeleted:":"true", "version":"1697875168475"}}
{"logTime": "1219/141535", "correlationVector":"7I730qHcP5HknScNCm7Sdd.43","action":"GetUpdates", "result":"DeleteReceived", "context":{"id":"444f34cf-97cb-4416-a2c1-fd3f8b61a842", "isDeleted:":"true", "version":"1697970165189"}}
{"logTime": "1219/141535", "correlationVector":"7I730qHcP5HknScNCm7Sdd.44","action":"GetUpdates", "result":"DeleteReceived", "context":{"id":"4da95eab-9fa5-480d-b103-de1ed76c9eb9", "isDeleted:":"true", "version":"1697970165190"}}
{"logTime": "1219/141535", "correlationVector":"7I730qHcP5HknScNCm7Sdd.45","action":"GetUpdates", "result":"DeleteReceived", "context":{"id":"f30d240d-4690-40d8-94ae-6bf94016abc8", "isDeleted:":"true", "version":"1697970165192"}}
{"logTime": "1219/141535", "correlationVector":"7I730qHcP5HknScNCm7Sdd.46","action":"GetUpdates", "result":"DeleteReceived", "context":{"id":"4797753b-f7bb-48e8-bb36-88481a092f2d", "isDeleted:":"true", "version":"1697970165195"}}
{"logTime": "1219/141535", "correlationVector":"7I730qHcP5HknScNCm7Sdd.47","action":"GetUpdates", "result":"DeleteReceived", "context":{"id":"b9747b61-d4a0-4091-b62a-e2a47182b874", "isDeleted:":"true", "version":"1697970165196"}}
{"logTime": "1219/141535", "correlationVector":"7I730qHcP5HknScNCm7Sdd.48","action":"GetUpdates", "result":"DeleteReceived", "context":{"id":"a698d998-2ca2-4308-9cab-1d233a9d853d", "isDeleted:":"true", "version":"1697970168051"}}
{"logTime": "1219/141535", "correlationVector":"7I730qHcP5HknScNCm7Sdd.49","action":"GetUpdates", "result":"DeleteReceived", "context":{"id":"04aec488-8360-4a19-92b0-8ff4bb9e2b9a", "isDeleted:":"true", "version":"1698415297867"}}
{"logTime": "1219/141535", "correlationVector":"7I730qHcP5HknScNCm7Sdd.50","action":"GetUpdates", "result":"DeleteReceived", "context":{"id":"256a9aa6-6336-4082-a8d2-8a27c6021731", "isDeleted:":"true", "version":"1698415297869"}}
{"logTime": "1219/141535", "correlationVector":"7I730qHcP5HknScNCm7Sdd.51","action":"GetUpdates", "result":"DeleteReceived", "context":{"id":"00723fdd-7070-40f9-89cc-fa9fd88e0e76", "isDeleted:":"true", "version":"1698415300809"}}
{"logTime": "1219/141535", "correlationVector":"7I730qHcP5HknScNCm7Sdd.52","action":"GetUpdates", "result":"DeleteReceived", "context":{"id":"a39f03ed-bb6c-496a-88ba-e43cec59caed", "isDeleted:":"true", "version":"1698415300810"}}
{"logTime": "1219/141535", "correlationVector":"7I730qHcP5HknScNCm7Sdd.53","action":"GetUpdates", "result":"DeleteReceived", "context":{"id":"7e5a2c3c-b253-4f09-afe4-2f78d651defe", "isDeleted:":"true", "version":"1698415300812"}}
{"logTime": "1219/141535", "correlationVector":"7I730qHcP5HknScNCm7Sdd.54","action":"GetUpdates", "result":"DeleteReceived", "context":{"id":"8ba0ad6c-b757-4ee2-a9ff-7b2113a5476e", "isDeleted:":"true", "version":"1698477693376"}}
{"logTime": "1219/141535", "correlationVector":"7I730qHcP5HknScNCm7Sdd.55","action":"GetUpdates", "result":"DeleteReceived", "context":{"id":"6305c3cd-c8ad-4836-a247-a7fd787a6b6f", "isDeleted:":"true", "version":"1698733488414"}}
{"logTime": "1219/141535", "correlationVector":"7I730qHcP5HknScNCm7Sdd.56","action":"GetUpdates", "result":"DeleteReceived", "context":{"id":"4a3b6dc2-31aa-490d-b1e2-cbe0ade0ee41", "isDeleted:":"true", "version":"1698733488415"}}
{"logTime": "1219/141535", "correlationVector":"7I730qHcP5HknScNCm7Sdd.57","action":"GetUpdates", "result":"DeleteReceived", "context":{"id":"0573a859-851b-4ed9-b042-524d70f04dd1", "isDeleted:":"true", "version":"1698936498223"}}
{"logTime": "1219/141535", "correlationVector":"7I730qHcP5HknScNCm7Sdd.58","action":"GetUpdates", "result":"DeleteReceived", "context":{"id":"b50d9cbf-ed1e-4173-9107-4db248f4ddc0", "isDeleted:":"true", "version":"1698936498224"}}
{"logTime": "1219/141535", "correlationVector":"7I730qHcP5HknScNCm7Sdd.59","action":"GetUpdates", "result":"DeleteReceived", "context":{"id":"b49ed9dc-72c1-4042-a7eb-d05dfa3dc50c", "isDeleted:":"true", "version":"1698937596444"}}
{"logTime": "1219/141535", "correlationVector":"7I730qHcP5HknScNCm7Sdd.60","action":"GetUpdates", "result":"DeleteReceived", "context":{"id":"094d0241-22aa-46d6-b5e9-b0eeb64cfcc1", "isDeleted:":"true", "version":"1698937596447"}}
{"logTime": "1219/141535", "correlationVector":"7I730qHcP5HknScNCm7Sdd.61","action":"GetUpdates", "result":"DeleteReceived", "context":{"id":"bdd290ea-4fd9-4abf-a9ca-9c2e0b5a2646", "isDeleted:":"true", "version":"1699722800563"}}
{"logTime": "1219/141535", "correlationVector":"7I730qHcP5HknScNCm7Sdd.62","action":"GetUpdates", "result":"DeleteReceived", "context":{"id":"a0b7ec90-65a2-489f-8c48-77c99f395811", "isDeleted:":"true", "version":"1699722800564"}}
{"logTime": "1219/141535", "correlationVector":"7I730qHcP5HknScNCm7Sdd.63","action":"GetUpdates", "result":"DeleteReceived", "context":{"id":"66956d4f-2e28-4e93-a2a6-ca490df318c2", "isDeleted:":"true", "version":"1699723159674"}}
{"logTime": "1219/141535", "correlationVector":"7I730qHcP5HknScNCm7Sdd.64","action":"GetUpdates", "result":"DeleteReceived", "context":{"id":"c6eee6fc-19b5-42f0-86c9-7affe3f63ba3", "isDeleted:":"true", "version":"1699723159676"}}
{"logTime": "1219/141535", "correlationVector":"7I730qHcP5HknScNCm7Sdd.65","action":"GetUpdates", "result":"DeleteReceived", "context":{"id":"850d901a-28c7-4aae-9fe3-e45e70b3fb43", "isDeleted:":"true", "version":"1699723159677"}}
{"logTime": "1219/141535", "correlationVector":"7I730qHcP5HknScNCm7Sdd.66","action":"GetUpdates", "result":"DeleteReceived", "context":{"id":"76c3b9d7-9850-4df6-a64b-321a821e52ad", "isDeleted:":"true", "version":"1699723159678"}}
{"logTime": "1219/141535", "correlationVector":"7I730qHcP5HknScNCm7Sdd.67","action":"GetUpdates", "result":"DeleteReceived", "context":{"id":"b7950acb-34a2-4564-90b4-e3f233f9d3f5", "isDeleted:":"true", "version":"1699723159680"}}
{"logTime": "1219/141535", "correlationVector":"7I730qHcP5HknScNCm7Sdd.68","action":"GetUpdates", "result":"DeleteReceived", "context":{"id":"23f820a8-0f60-41d4-bbfa-134d4eec0c45", "isDeleted:":"true", "version":"1699723159681"}}
{"logTime": "1219/141535", "correlationVector":"7I730qHcP5HknScNCm7Sdd.69","action":"GetUpdates", "result":"DeleteReceived", "context":{"id":"8f0a0208-129b-4f23-98f9-ed96afdad270", "isDeleted:":"true", "version":"1699838710782"}}
{"logTime": "1219/141535", "correlationVector":"7I730qHcP5HknScNCm7Sdd.70","action":"GetUpdates", "result":"DeleteReceived", "context":{"id":"ea211514-b0aa-4659-ae86-21716807b669", "isDeleted:":"true", "version":"1699838710783"}}
{"logTime": "1219/141535", "correlationVector":"7I730qHcP5HknScNCm7Sdd.71","action":"GetUpdates", "result":"DeleteReceived", "context":{"id":"9673c757-dfbd-44d6-b0af-895b30c2255c", "isDeleted:":"true", "version":"1699838802665"}}
{"logTime": "1219/141535", "correlationVector":"7I730qHcP5HknScNCm7Sdd.72","action":"GetUpdates", "result":"DeleteReceived", "context":{"id":"5f6001dd-2d67-4672-8ee3-fab3a6bcc557", "isDeleted:":"true", "version":"1699841204833"}}
{"logTime": "1219/141535", "correlationVector":"7I730qHcP5HknScNCm7Sdd.73","action":"GetUpdates", "result":"DeleteReceived", "context":{"id":"3068e8dd-a7de-402b-8a7f-02553187e37e", "isDeleted:":"true", "version":"1699841487238"}}
{"logTime": "1219/141535", "correlationVector":"7I730qHcP5HknScNCm7Sdd.74","action":"GetUpdates", "result":"DeleteReceived", "context":{"id":"d630c374-620d-4767-a4fc-ffc9bb00543c", "isDeleted:":"true", "version":"1699841493170"}}
{"logTime": "1219/141535", "correlationVector":"7I730qHcP5HknScNCm7Sdd.75","action":"GetUpdates", "result":"DeleteReceived", "context":{"id":"300934e9-7e20-403a-8016-f593a562bdfa", "isDeleted:":"true", "version":"1699841493171"}}
{"logTime": "1219/141535", "correlationVector":"7I730qHcP5HknScNCm7Sdd.76","action":"GetUpdates", "result":"DeleteReceived", "context":{"id":"c8002998-4cf0-464a-a324-d399496d43d2", "isDeleted:":"true", "version":"1700419771475"}}
{"logTime": "1219/141535", "correlationVector":"7I730qHcP5HknScNCm7Sdd.77","action":"GetUpdates", "result":"DeleteReceived", "context":{"id":"80bf8ae6-8641-497c-9442-d568af8eeaca", "isDeleted:":"true", "version":"1700419802291"}}
{"logTime": "1219/141535", "correlationVector":"7I730qHcP5HknScNCm7Sdd.78","action":"GetUpdates", "result":"DeleteReceived", "context":{"id":"fe42ed47-d089-46fd-8dc2-dd38eb2e67eb", "isDeleted:":"true", "version":"1700419860018"}}
{"logTime": "1219/141535", "correlationVector":"7I730qHcP5HknScNCm7Sdd.79","action":"GetUpdates", "result":"DeleteReceived", "context":{"id":"a31168c7-1ad3-4098-82a3-3740cc14f10d", "isDeleted:":"true", "version":"1700419922120"}}
{"logTime": "1219/141535", "correlationVector":"7I730qHcP5HknScNCm7Sdd.80","action":"GetUpdates", "result":"DeleteReceived", "context":{"id":"4fbaf22c-cbca-41ee-b399-888ef0a4f933", "isDeleted:":"true", "version":"1700422073933"}}
{"logTime": "1219/141535", "correlationVector":"7I730qHcP5HknScNCm7Sdd.81","action":"GetUpdates", "result":"DeleteReceived", "context":{"id":"13dec611-d593-42a8-b655-5687f2990091", "isDeleted:":"true", "version":"1700422235584"}}
{"logTime": "1219/141535", "correlationVector":"7I730qHcP5HknScNCm7Sdd.82","action":"GetUpdates", "result":"DeleteReceived", "context":{"id":"41d0141e-b3fa-4dc8-ae22-a468efe66eda", "isDeleted:":"true", "version":"1700424019605"}}
{"logTime": "1219/141535", "correlationVector":"7I730qHcP5HknScNCm7Sdd.83","action":"GetUpdates", "result":"DeleteReceived", "context":{"id":"a23f745e-da48-455d-b31c-ab4c876a2ed5", "isDeleted:":"true", "version":"1700642639431"}}
{"logTime": "1219/141535", "correlationVector":"7I730qHcP5HknScNCm7Sdd.84","action":"GetUpdates", "result":"DeleteReceived", "context":{"id":"5382cb26-8d69-42c3-b055-c3030d2731cc", "isDeleted:":"true", "version":"1700642702206"}}
{"logTime": "1219/141535", "correlationVector":"7I730qHcP5HknScNCm7Sdd.85","action":"GetUpdates", "result":"DeleteReceived", "context":{"id":"7e2dbebb-348c-4e21-9fb8-be8b327ccb73", "isDeleted:":"true", "version":"1700642941474"}}
{"logTime": "1219/141535", "correlationVector":"7I730qHcP5HknScNCm7Sdd.86","action":"GetUpdates", "result":"DeleteReceived", "context":{"id":"5156b4b6-1227-4edc-a1f4-64b30674efc0", "isDeleted:":"true", "version":"1700642941476"}}
{"logTime": "1219/141535", "correlationVector":"7I730qHcP5HknScNCm7Sdd.87","action":"GetUpdates", "result":"DeleteReceived", "context":{"id":"0f85f1fb-a36b-46b5-a057-8825cbd9a889", "isDeleted:":"true", "version":"1700643470810"}}
{"logTime": "1219/141535", "correlationVector":"7I730qHcP5HknScNCm7Sdd.88","action":"GetUpdates", "result":"DeleteReceived", "context":{"id":"7fc35e24-7904-4d6f-ae2b-1147108fa517", "isDeleted:":"true", "version":"1700643587024"}}
{"logTime": "1219/141535", "correlationVector":"7I730qHcP5HknScNCm7Sdd.89","action":"GetUpdates", "result":"DeleteReceived", "context":{"id":"cb6aecc3-51e2-4183-9b12-7f6586027dad", "isDeleted:":"true", "version":"1700669160052"}}
{"logTime": "1219/141535", "correlationVector":"7I730qHcP5HknScNCm7Sdd.90","action":"GetUpdates", "result":"DeleteReceived", "context":{"id":"4e683459-2046-4396-b210-a39981272bb4", "isDeleted:":"true", "version":"1700669748276"}}
{"logTime": "1219/141535", "correlationVector":"7I730qHcP5HknScNCm7Sdd.91","action":"GetUpdates", "result":"DeleteReceived", "context":{"id":"ea1ef5f8-6114-4b8c-85f9-764edb039ee5", "isDeleted:":"true", "version":"1700669748277"}}
{"logTime": "1219/141535", "correlationVector":"7I730qHcP5HknScNCm7Sdd.92","action":"GetUpdates", "result":"DeleteReceived", "context":{"id":"41ec7506-9d81-489a-b680-39f9884c7782", "isDeleted:":"true", "version":"1700678673576"}}
{"logTime": "1219/141535", "correlationVector":"7I730qHcP5HknScNCm7Sdd.93","action":"GetUpdates", "result":"DeleteReceived", "context":{"id":"d640d148-21f9-4f86-91c6-da56dc07ea56", "isDeleted:":"true", "version":"1700678705884"}}
{"logTime": "1219/141535", "correlationVector":"7I730qHcP5HknScNCm7Sdd.94","action":"GetUpdates", "result":"DeleteReceived", "context":{"id":"4e27aa16-b524-4d7b-8a40-b5af54900bc4", "isDeleted:":"true", "version":"1700681393296"}}
{"logTime": "1219/141535", "correlationVector":"7I730qHcP5HknScNCm7Sdd.95","action":"GetUpdates", "result":"DeleteReceived", "context":{"id":"475dfa1e-8be7-4421-9a55-e01de4b39663", "isDeleted:":"true", "version":"1700681600159"}}
{"logTime": "1219/141535", "correlationVector":"7I730qHcP5HknScNCm7Sdd.96","action":"GetUpdates", "result":"DeleteReceived", "context":{"id":"493dc10f-d18a-44d9-bc7e-13f23bd6ec33", "isDeleted:":"true", "version":"1700759262963"}}
{"logTime": "1219/141535", "correlationVector":"7I730qHcP5HknScNCm7Sdd.97","action":"GetUpdates", "result":"DeleteReceived", "context":{"id":"b9a33b40-77a3-4196-b4df-dcd2b33826dc", "isDeleted:":"true", "version":"1700759297400"}}
{"logTime": "1219/141535", "correlationVector":"7I730qHcP5HknScNCm7Sdd.98","action":"GetUpdates", "result":"DeleteReceived", "context":{"id":"0a3d2a2b-472c-4da6-ad5b-edb05870fd2a", "isDeleted:":"true", "version":"1700759871587"}}
{"logTime": "1219/141535", "correlationVector":"7I730qHcP5HknScNCm7Sdd.99","action":"GetUpdates", "result":"DeleteReceived", "context":{"id":"7f54e196-2d12-4176-8941-808e0b8c5c82", "isDeleted:":"true", "version":"1700760437579"}}
{"logTime": "1219/141535", "correlationVector":"7I730qHcP5HknScNCm7Sdd.100","action":"GetUpdates", "result":"DeleteReceived", "context":{"id":"c2ecf6a2-76e3-4e07-93eb-855da1e4265f", "isDeleted:":"true", "version":"1700762349681"}}
{"logTime": "1219/141535", "correlationVector":"7I730qHcP5HknScNCm7Sdd.101","action":"GetUpdates", "result":"DeleteReceived", "context":{"id":"8cd1f762-cd49-4cd5-835a-2a2fca2a9bc9", "isDeleted:":"true", "version":"1700762349683"}}
{"logTime": "1219/141535", "correlationVector":"7I730qHcP5HknScNCm7Sdd.102","action":"GetUpdates", "result":"DeleteReceived", "context":{"id":"9798e834-05d6-45df-b94b-a8ddb5dd2945", "isDeleted:":"true", "version":"1700769010465"}}
{"logTime": "1219/141535", "correlationVector":"7I730qHcP5HknScNCm7Sdd.103","action":"GetUpdates", "result":"DeleteReceived", "context":{"id":"d618214e-763a-400e-8217-7624cb2aef87", "isDeleted:":"true", "version":"1700769010467"}}
{"logTime": "1219/141535", "correlationVector":"7I730qHcP5HknScNCm7Sdd.104","action":"GetUpdates", "result":"DeleteReceived", "context":{"id":"53a0e9b7-1222-4d28-acd9-2fa19d944c71", "isDeleted:":"true", "version":"1700769750653"}}
{"logTime": "1219/141535", "correlationVector":"7I730qHcP5HknScNCm7Sdd.105","action":"GetUpdates", "result":"DeleteReceived", "context":{"id":"f5bc678b-6723-424e-86a9-840ce984e966", "isDeleted:":"true", "version":"1700769750654"}}
{"logTime": "1219/141535", "correlationVector":"7I730qHcP5HknScNCm7Sdd.106","action":"GetUpdates", "result":"DeleteReceived", "context":{"id":"71d0e429-4aa7-4c28-a78c-ac6561e6a6b4", "isDeleted:":"true", "version":"1700912778665"}}
{"logTime": "1219/141535", "correlationVector":"7I730qHcP5HknScNCm7Sdd.107","action":"GetUpdates", "result":"DeleteReceived", "context":{"id":"8869ab8d-e4ae-48c8-9e7a-d372176910ea", "isDeleted:":"true", "version":"1700992038542"}}
{"logTime": "1219/141535", "correlationVector":"7I730qHcP5HknScNCm7Sdd.108","action":"GetUpdates", "result":"DeleteReceived", "context":{"id":"ef38e5d9-e990-42b3-ba95-52b86b738faf", "isDeleted:":"true", "version":"1700992038543"}}
{"logTime": "1219/141535", "correlationVector":"7I730qHcP5HknScNCm7Sdd.109","action":"GetUpdates", "result":"DeleteReceived", "context":{"id":"2667156e-02ce-4c89-87a5-53f11d795ac4", "isDeleted:":"true", "version":"1700992038545"}}
{"logTime": "1219/141535", "correlationVector":"7I730qHcP5HknScNCm7Sdd.110","action":"GetUpdates", "result":"DeleteReceived", "context":{"id":"deaf4e9f-5f4e-416c-b7d5-8cb1de4a0b2c", "isDeleted:":"true", "version":"1700992281739"}}
{"logTime": "1219/141535", "correlationVector":"7I730qHcP5HknScNCm7Sdd.111","action":"GetUpdates", "result":"DeleteReceived", "context":{"id":"d5fe2acc-10e1-426d-b100-8bfa8aa3e89e", "isDeleted:":"true", "version":"1700994071500"}}
{"logTime": "1219/141535", "correlationVector":"7I730qHcP5HknScNCm7Sdd.112","action":"GetUpdates", "result":"DeleteReceived", "context":{"id":"5c1aca63-00a8-4ef4-b461-7a24913edb64", "isDeleted:":"true", "version":"1700994198346"}}
{"logTime": "1219/141535", "correlationVector":"7I730qHcP5HknScNCm7Sdd.113","action":"GetUpdates", "result":"DeleteReceived", "context":{"id":"6eddabdd-561f-4f5c-9ca6-eae86220dbd6", "isDeleted:":"true", "version":"1701060224131"}}
{"logTime": "1219/141535", "correlationVector":"7I730qHcP5HknScNCm7Sdd.114","action":"GetUpdates", "result":"DeleteReceived", "context":{"id":"3bba6939-e8a6-49b8-b71b-a44391e735fd", "isDeleted:":"true", "version":"1701060228327"}}
{"logTime": "1219/141535", "correlationVector":"7I730qHcP5HknScNCm7Sdd.115","action":"GetUpdates", "result":"DeleteReceived", "context":{"id":"c3e4c8de-1e41-490f-bcf3-09ef5949fda9", "isDeleted:":"true", "version":"1701180331773"}}
{"logTime": "1219/141535", "correlationVector":"7I730qHcP5HknScNCm7Sdd.116","action":"GetUpdates", "result":"DeleteReceived", "context":{"id":"68cd1b3b-d144-43cf-b094-0d63567bd64e", "isDeleted:":"true", "version":"1701180708328"}}
{"logTime": "1219/141535", "correlationVector":"7I730qHcP5HknScNCm7Sdd.117","action":"GetUpdates", "result":"DeleteReceived", "context":{"id":"7361b2a1-ee49-420c-8b87-89f98a2385a1", "isDeleted:":"true", "version":"1701180708329"}}
{"logTime": "1219/141535", "correlationVector":"7I730qHcP5HknScNCm7Sdd.118","action":"GetUpdates", "result":"DeleteReceived", "context":{"id":"3a7c5c95-3143-4877-8c4d-e14a3c982235", "isDeleted:":"true", "version":"1701513308945"}}
{"logTime": "1219/141535", "correlationVector":"7I730qHcP5HknScNCm7Sdd.119","action":"GetUpdates", "result":"DeleteReceived", "context":{"id":"699d4872-3078-48ab-b164-0d847e081a83", "isDeleted:":"true", "version":"1701620655588"}}
{"logTime": "1219/141535", "correlationVector":"7I730qHcP5HknScNCm7Sdd.120","action":"GetUpdates", "result":"DeleteReceived", "context":{"id":"1686d931-220a-498f-a1ef-14a00d270d92", "isDeleted:":"true", "version":"1701621378165"}}
{"logTime": "1219/141535", "correlationVector":"7I730qHcP5HknScNCm7Sdd.121","action":"GetUpdates", "result":"DeleteReceived", "context":{"id":"fabc3bbd-b5e0-4567-abd0-faf31d919661", "isDeleted:":"true", "version":"1701872388731"}}
{"logTime": "1219/141535", "correlationVector":"7I730qHcP5HknScNCm7Sdd.122","action":"GetUpdates", "result":"DeleteReceived", "context":{"id":"ac8ffa71-e37d-48af-a8f7-01b737d879e3", "isDeleted:":"true", "version":"1701872388732"}}
{"logTime": "1219/141535", "correlationVector":"7I730qHcP5HknScNCm7Sdd.123","action":"GetUpdates", "result":"DeleteReceived", "context":{"id":"af2ba931-a1f0-4dd0-a0ee-838ed19ae733", "isDeleted:":"true", "version":"1701875652570"}}
{"logTime": "1219/141535", "correlationVector":"7I730qHcP5HknScNCm7Sdd.124","action":"GetUpdates", "result":"DeleteReceived", "context":{"id":"6f5388d5-a2d3-4f2c-98dd-46c3e9a4f86c", "isDeleted:":"true", "version":"1701919681891"}}
{"logTime": "1219/141535", "correlationVector":"7I730qHcP5HknScNCm7Sdd.125","action":"GetUpdates", "result":"DeleteReceived", "context":{"id":"981b2f33-cb69-453d-9aee-c9077790bf9a", "isDeleted:":"true", "version":"1701919830786"}}
{"logTime": "1219/141535", "correlationVector":"7I730qHcP5HknScNCm7Sdd.126","action":"GetUpdates", "result":"DeleteReceived", "context":{"id":"4cfa117b-a073-481c-8f08-56990ff71c74", "isDeleted:":"true", "version":"1701926843555"}}
{"logTime": "1219/141535", "correlationVector":"7I730qHcP5HknScNCm7Sdd.127","action":"GetUpdates", "result":"DeleteReceived", "context":{"id":"02ee4b38-08ff-4386-8f35-2380d2a0f494", "isDeleted:":"true", "version":"1701926843559"}}
{"logTime": "1219/141535", "correlationVector":"7I730qHcP5HknScNCm7Sdd.128","action":"GetUpdates", "result":"DeleteReceived", "context":{"id":"2caae254-e82a-444a-8678-f4b42d47d4b6", "isDeleted:":"true", "version":"1701926874823"}}
{"logTime": "1219/141535", "correlationVector":"7I730qHcP5HknScNCm7Sdd.129","action":"GetUpdates", "result":"DeleteReceived", "context":{"id":"68ebe500-6041-419c-83fe-a36f49e44446", "isDeleted:":"true", "version":"1701926905295"}}
{"logTime": "1219/141535", "correlationVector":"7I730qHcP5HknScNCm7Sdd.130","action":"GetUpdates", "result":"DeleteReceived", "context":{"id":"6025d8ef-6c5b-49fe-a76b-ce0fac0b624f", "isDeleted:":"true", "version":"1701932691244"}}
{"logTime": "1219/141536", "correlationVector":"7I730qHcP5HknScNCm7Sdd.131","action":"GetUpdates", "result":"DeleteReceived", "context":{"id":"c1240ac1-b3c3-4a36-ab00-16fb48f248c0", "isDeleted:":"true", "version":"1701932769048"}}
{"logTime": "1219/141536", "correlationVector":"7I730qHcP5HknScNCm7Sdd.132","action":"GetUpdates", "result":"DeleteReceived", "context":{"id":"4e1a5219-f95c-478d-8617-a1e9a87dd7c2", "isDeleted:":"true", "version":"1701933107955"}}
{"logTime": "1219/141536", "correlationVector":"7I730qHcP5HknScNCm7Sdd.133","action":"GetUpdates", "result":"DeleteReceived", "context":{"id":"13b07b8e-f65f-417e-9db8-07602e972132", "isDeleted:":"true", "version":"1701933642856"}}
{"logTime": "1219/141536", "correlationVector":"7I730qHcP5HknScNCm7Sdd.134","action":"GetUpdates", "result":"DeleteReceived", "context":{"id":"208142f0-9505-4d5e-8c15-0d59dec9f4e2", "isDeleted:":"true", "version":"1702052918862"}}
{"logTime": "1219/141536", "correlationVector":"7I730qHcP5HknScNCm7Sdd.135","action":"GetUpdates", "result":"DeleteReceived", "context":{"id":"61c1cfe1-5dca-49fc-8d09-10a65c5d5ab7", "isDeleted:":"true", "version":"1702052918863"}}
{"logTime": "1219/141536", "correlationVector":"7I730qHcP5HknScNCm7Sdd.136","action":"GetUpdates", "result":"DeleteReceived", "context":{"id":"5feb2071-9b7a-45c3-a15a-570cd486a5a1", "isDeleted:":"true", "version":"1702055060487"}}
{"logTime": "1219/141536", "correlationVector":"7I730qHcP5HknScNCm7Sdd.137","action":"GetUpdates", "result":"DeleteReceived", "context":{"id":"716eac39-4a28-4293-9a6d-25b34c1ee375", "isDeleted:":"true", "version":"1702056579180"}}
{"logTime": "1219/141536", "correlationVector":"7I730qHcP5HknScNCm7Sdd.138","action":"GetUpdates", "result":"DeleteReceived", "context":{"id":"fc0c44f9-9393-49e1-a58b-edb313dea448", "isDeleted:":"true", "version":"1702056579181"}}
{"logTime": "1219/141536", "correlationVector":"7I730qHcP5HknScNCm7Sdd.139","action":"GetUpdates", "result":"DeleteReceived", "context":{"id":"b59a9226-fc29-4ad7-85fb-8050a90c884b", "isDeleted:":"true", "version":"1702062106742"}}
{"logTime": "1219/141536", "correlationVector":"7I730qHcP5HknScNCm7Sdd.140","action":"GetUpdates", "result":"DeleteReceived", "context":{"id":"0cf87801-3bd9-4690-a2b4-f4bc3dbfb707", "isDeleted:":"true", "version":"1702062106743"}}
{"logTime": "1219/141536", "correlationVector":"7I730qHcP5HknScNCm7Sdd.141","action":"GetUpdates", "result":"DeleteReceived", "context":{"id":"67f41b59-b5a5-44dc-90a1-a569c034130b", "isDeleted:":"true", "version":"1702064127920"}}
{"logTime": "1219/141536", "correlationVector":"7I730qHcP5HknScNCm7Sdd.142","action":"GetUpdates", "result":"DeleteReceived", "context":{"id":"a9119755-89e0-4c5d-82d4-5156cdb80c94", "isDeleted:":"true", "version":"1702069344350"}}
{"logTime": "1219/141536", "correlationVector":"7I730qHcP5HknScNCm7Sdd.143","action":"GetUpdates", "result":"DeleteReceived", "context":{"id":"f233d21d-fa8b-4a16-9ad5-3688a271239e", "isDeleted:":"true", "version":"1702072059121"}}
{"logTime": "1219/141536", "correlationVector":"7I730qHcP5HknScNCm7Sdd.144","action":"GetUpdates", "result":"DeleteReceived", "context":{"id":"17ba8046-4e8a-4926-86f6-8a0e175e8499", "isDeleted:":"true", "version":"1702074320110"}}
{"logTime": "1219/141536", "correlationVector":"7I730qHcP5HknScNCm7Sdd.145","action":"GetUpdates", "result":"DeleteReceived", "context":{"id":"ea764b42-4dcc-4a08-baa7-abed15ccbbd1", "isDeleted:":"true", "version":"1702077365782"}}
{"logTime": "1219/141536", "correlationVector":"7I730qHcP5HknScNCm7Sdd.146","action":"GetUpdates", "result":"DeleteReceived", "context":{"id":"cb5d5e0a-0490-4fb6-9087-0b6bd3634ae4", "isDeleted:":"true", "version":"1702078972277"}}
{"logTime": "1219/141536", "correlationVector":"7I730qHcP5HknScNCm7Sdd.147","action":"GetUpdates", "result":"DeleteReceived", "context":{"id":"a38ba6d5-e53f-46c6-bab9-2e84c8ad367e", "isDeleted:":"true", "version":"1702081792213"}}
{"logTime": "1219/141536", "correlationVector":"7I730qHcP5HknScNCm7Sdd.148","action":"GetUpdates", "result":"DeleteReceived", "context":{"id":"925e6cfc-01c8-4665-9106-99934aa3a79f", "isDeleted:":"true", "version":"1702086610928"}}
{"logTime": "1219/141536", "correlationVector":"7I730qHcP5HknScNCm7Sdd.149","action":"GetUpdates", "result":"DeleteReceived", "context":{"id":"4e6a1307-4ddf-4391-876a-02060aec64f3", "isDeleted:":"true", "version":"1702089221750"}}
{"logTime": "1219/141536", "correlationVector":"7I730qHcP5HknScNCm7Sdd.150","action":"GetUpdates", "result":"DeleteReceived", "context":{"id":"62775c4d-02f1-4c92-8c6a-bb2701f07f10", "isDeleted:":"true", "version":"1702615366455"}}
{"logTime": "1219/141536", "correlationVector":"7I730qHcP5HknScNCm7Sdd.151","action":"GetUpdates", "result":"DeleteReceived", "context":{"id":"12bf72ed-d368-44fd-b2ec-3792af4bcc5c", "isDeleted:":"true", "version":"1702615454659"}}
{"logTime": "1219/141536", "correlationVector":"7I730qHcP5HknScNCm7Sdd.152","action":"GetUpdates", "result":"DeleteReceived", "context":{"id":"01d658db-78e4-459f-84e7-29a040a67b95", "isDeleted:":"true", "version":"1702615454660"}}
{"logTime": "1219/141536", "correlationVector":"7I730qHcP5HknScNCm7Sdd.153","action":"GetUpdates", "result":"DeleteReceived", "context":{"id":"3e025b70-ac51-4551-b7e3-00624a7466c8", "isDeleted:":"true", "version":"1702616726839"}}
{"logTime": "1219/141536", "correlationVector":"7I730qHcP5HknScNCm7Sdd.154","action":"GetUpdates", "result":"DeleteReceived", "context":{"id":"9cd20272-d3ce-4066-b80d-0d45c234e55f", "isDeleted:":"true", "version":"1702646348386"}}
{"logTime": "1219/141536", "correlationVector":"7I730qHcP5HknScNCm7Sdd.155","action":"GetUpdates", "result":"DeleteReceived", "context":{"id":"ab0ed590-5ee8-4a36-874c-d6c4cc1045f1", "isDeleted:":"true", "version":"1702705620458"}}
{"logTime": "1219/141536", "correlationVector":"7I730qHcP5HknScNCm7Sdd.156","action":"GetUpdates", "result":"DeleteReceived", "context":{"id":"b12e1295-1ae1-460d-a869-66191f9842da", "isDeleted:":"true", "version":"1702705680184"}}
{"logTime": "1219/141536", "correlationVector":"7I730qHcP5HknScNCm7Sdd.157","action":"GetUpdates", "result":"DeleteReceived", "context":{"id":"12b021aa-bb6f-4485-bb83-90ec62bf295b", "isDeleted:":"true", "version":"1702705853197"}}
{"logTime": "1219/141536", "correlationVector":"7I730qHcP5HknScNCm7Sdd.158","action":"GetUpdates", "result":"DeleteReceived", "context":{"id":"833469f2-6584-48a6-994c-7d4963a2c433", "isDeleted:":"true", "version":"1702706650973"}}
{"logTime": "1219/141536", "correlationVector":"7I730qHcP5HknScNCm7Sdd.159","action":"GetUpdates", "result":"DeleteReceived", "context":{"id":"55e9be79-cbba-42d5-9f6e-40ba9502f195", "isDeleted:":"true", "version":"1702706650974"}}
{"logTime": "1219/141536", "correlationVector":"7I730qHcP5HknScNCm7Sdd.160","action":"GetUpdates", "result":"DeleteReceived", "context":{"id":"8dd75b04-8a57-4b88-839c-f3b3ebb48adb", "isDeleted:":"true", "version":"1702706691549"}}
{"logTime": "1219/141536", "correlationVector":"7I730qHcP5HknScNCm7Sdd.161","action":"GetUpdates", "result":"DeleteReceived", "context":{"id":"933c6d02-eaee-4605-b691-1df035241677", "isDeleted:":"true", "version":"1702706691550"}}
{"logTime": "1219/141536", "correlationVector":"7I730qHcP5HknScNCm7Sdd.162","action":"GetUpdates", "result":"DeleteReceived", "context":{"id":"46742790-8a82-4e3b-88c2-ca08982ea722", "isDeleted:":"true", "version":"1702706792493"}}
{"logTime": "1219/141536", "correlationVector":"7I730qHcP5HknScNCm7Sdd.163","action":"GetUpdates", "result":"DeleteReceived", "context":{"id":"359b7480-4060-4164-8ef7-94bc08b01957", "isDeleted:":"true", "version":"1702707095480"}}
{"logTime": "1219/141536", "correlationVector":"7I730qHcP5HknScNCm7Sdd.164","action":"GetUpdates", "result":"DeleteReceived", "context":{"id":"1c0f8750-79fa-4600-b31e-70004a1684b8", "isDeleted:":"true", "version":"1702707157410"}}
{"logTime": "1219/141536", "correlationVector":"7I730qHcP5HknScNCm7Sdd.165","action":"GetUpdates", "result":"DeleteReceived", "context":{"id":"6e79a8fc-d940-4f55-a578-3fcbac0d7e8f", "isDeleted:":"true", "version":"1702720310588"}}
{"logTime": "1219/141536", "correlationVector":"7I730qHcP5HknScNCm7Sdd.166","action":"GetUpdates", "result":"DeleteReceived", "context":{"id":"e4228ea1-5228-4a90-b8f0-5d3a6a10f24d", "isDeleted:":"true", "version":"1702720310590"}}
{"logTime": "1219/141536", "correlationVector":"7I730qHcP5HknScNCm7Sdd.167","action":"GetUpdates", "result":"DeleteReceived", "context":{"id":"056986ea-811e-4292-960e-d09077711318", "isDeleted:":"true", "version":"1702720310591"}}
{"logTime": "1219/141536", "correlationVector":"7I730qHcP5HknScNCm7Sdd.168","action":"GetUpdates", "result":"DeleteReceived", "context":{"id":"7d6206ba-b592-491f-b11f-9f8a4a7a6c3f", "isDeleted:":"true", "version":"1702721839778"}}
{"logTime": "1219/141536", "correlationVector":"7I730qHcP5HknScNCm7Sdd.169","action":"GetUpdates", "result":"DeleteReceived", "context":{"id":"4b26611c-a01f-4090-a090-f7674c2eb4ce", "isDeleted:":"true", "version":"1702721839779"}}
{"logTime": "1219/141536", "correlationVector":"7I730qHcP5HknScNCm7Sdd.170","action":"GetUpdates", "result":"DeleteReceived", "context":{"id":"0f8daa94-3850-450b-b121-a683fec62e19", "isDeleted:":"true", "version":"1702724400327"}}
{"logTime": "1219/141536", "correlationVector":"7I730qHcP5HknScNCm7Sdd.171","action":"GetUpdates", "result":"DeleteReceived", "context":{"id":"4a499676-d960-4e1d-a972-8358cdd5875a", "isDeleted:":"true", "version":"1702724400328"}}
{"logTime": "1219/141536", "correlationVector":"7I730qHcP5HknScNCm7Sdd.172","action":"GetUpdates", "result":"DeleteReceived", "context":{"id":"d433fcf0-80e9-43b4-8441-1354120699bf", "isDeleted:":"true", "version":"1702724400330"}}
{"logTime": "1219/141536", "correlationVector":"7I730qHcP5HknScNCm7Sdd.173","action":"GetUpdates", "result":"DeleteReceived", "context":{"id":"db06d05e-e8ef-4467-a55f-a395e5362330", "isDeleted:":"true", "version":"1702894042574"}}
{"logTime": "1219/141536", "correlationVector":"7I730qHcP5HknScNCm7Sdd.174","action":"GetUpdates", "result":"DeleteReceived", "context":{"id":"7d5d7228-ad5e-4d0e-89bb-1a986d1fabbf", "isDeleted:":"true", "version":"1702894042576"}}
{"logTime": "1219/141536", "correlationVector":"7I730qHcP5HknScNCm7Sdd.175","action":"GetUpdates Response", "result":"SYNCER_OK", "context":Received 202 update(s). cV=7I730qHcP5HknScNCm7Sdd.0;server=GENERAL0200000C;cloudType=Consumer;environment=Prod_WestEurope_x00e;migrationStage=NotStarted}
{"logTime": "1219/141536", "correlationVector":"F+TqQhUO62IfY/0cQulMol","action":"Normal GetUpdate request", "result":"", "context":cV=F+TqQhUO62IfY/0cQulMol
Nudged types: Bookmarks, Typed URLs, Sessions, Device Info
Refresh requested types: Bookmarks, Preferences, Passwords, Autofill Profiles, Autofill, Autofill Custom Data, Typed URLs, Extensions, Sessions, Extension settings, History Delete Directives, Device Info, User Consents, Send Tab To Self, Web Apps, Collection, Edge E Drop, Edge Hub App Usage, Edge Wallet, Encryption Keys}
{"logTime": "1219/141536", "correlationVector":"F+TqQhUO62IfY/0cQulMol.1","action":"SyncServerConnectionManagerRequest", "result":"SYNC_SERVER_OK", "context":{"environment":"Prod_WestEurope_x00e", "migrationStage":"NotStarted", "server":"GENERAL02000006"}}
{"logTime": "1219/141536", "correlationVector":"F+TqQhUO62IfY/0cQulMol.2","action":"GetUpdates Response", "result":"SYNCER_OK", "context":Received 0 update(s). cV=F+TqQhUO62IfY/0cQulMol.0;server=GENERAL02000006;cloudType=Consumer;environment=Prod_WestEurope_x00e;migrationStage=NotStarted}
{"logTime": "1219/141536", "correlationVector":"tE6yQcs+F0SmypOrvk3E+X","action":"Commit Request", "result":"", "context":Item count: 1
Contributing types: Device Info}
{"logTime": "1219/141537", "correlationVector":"tE6yQcs+F0SmypOrvk3E+X.1","action":"SyncServerConnectionManagerRequest", "result":"SYNC_SERVER_OK", "context":{"environment":"Prod_WestEurope_x00e", "migrationStage":"NotStarted", "server":"GENERAL0200001T"}}
{"logTime": "1219/141537", "correlationVector":"tE6yQcs+F0SmypOrvk3E+X.2","action":"Commit Response", "result":"SYNCER_OK", "context":Result: SYNCER_OK. cV=tE6yQcs+F0SmypOrvk3E+X.0;server=GENERAL0200001T;cloudType=Consumer;environment=Prod_WestEurope_x00e;migrationStage=NotStarted}
{"logTime": "1219/141537", "correlationVector":"ZeHBbLu72V6CarZuGJODyn","action":"Commit Request", "result":"", "context":Item count: 7
Contributing types: Bookmarks, Typed URLs, Sessions}
{"logTime": "1219/141538", "correlationVector":"ZeHBbLu72V6CarZuGJODyn.1","action":"SyncServerConnectionManagerRequest", "result":"SYNC_SERVER_OK", "context":{"environment":"Prod_WestEurope_x00e", "migrationStage":"NotStarted", "server":"GENERAL0100000B"}}
{"logTime": "1219/141538", "correlationVector":"ZeHBbLu72V6CarZuGJODyn.2","action":"Commit Response", "result":"SYNCER_OK", "context":Result: SYNCER_OK. cV=ZeHBbLu72V6CarZuGJODyn.0;server=GENERAL0100000B;cloudType=Consumer;environment=Prod_WestEurope_x00e;migrationStage=NotStarted}
{"logTime": "1219/141539", "correlationVector":"2SrUw3AJIkZ3pyrfqpQ4lM","action":"Commit Request", "result":"", "context":Item count: 20
Contributing types: Passwords}
{"logTime": "1219/141541", "correlationVector":"2SrUw3AJIkZ3pyrfqpQ4lM.1","action":"SyncServerConnectionManagerRequest", "result":"SYNC_SERVER_OK", "context":{"environment":"Prod_WestEurope_x00e", "migrationStage":"NotStarted", "server":"GENERAL0200002Z"}}
{"logTime": "1219/141541", "correlationVector":"2SrUw3AJIkZ3pyrfqpQ4lM.2","action":"Commit Response", "result":"SYNCER_OK", "context":Result: SYNCER_OK. cV=2SrUw3AJIkZ3pyrfqpQ4lM.0;server=GENERAL0200002Z;cloudType=Consumer;environment=Prod_WestEurope_x00e;migrationStage=NotStarted}
{"logTime": "1219/141541", "correlationVector":"EtRuAYnw/hpWo0mb0XGBu8","action":"Commit Request", "result":"", "context":Item count: 1
Contributing types: Preferences}
{"logTime": "1219/141542", "correlationVector":"EtRuAYnw/hpWo0mb0XGBu8.1","action":"SyncServerConnectionManagerRequest", "result":"SYNC_SERVER_OK", "context":{"environment":"Prod_WestEurope_x00e", "migrationStage":"NotStarted", "server":"GENERAL0200002V"}}
{"logTime": "1219/141542", "correlationVector":"EtRuAYnw/hpWo0mb0XGBu8.2","action":"Commit Response", "result":"SYNCER_OK", "context":Result: SYNCER_OK. cV=EtRuAYnw/hpWo0mb0XGBu8.0;server=GENERAL0200002V;cloudType=Consumer;environment=Prod_WestEurope_x00e;migrationStage=NotStarted}
{"logTime": "1219/142016", "correlationVector":"nUUN3ZbYeTzIwAF23MrRLN","action":"Normal GetUpdate request", "result":"", "context":cV=nUUN3ZbYeTzIwAF23MrRLN
Nudged types: Preferences
Refresh requested types: Bookmarks, Preferences, Passwords, Autofill Profiles, Autofill, Autofill Custom Data, Typed URLs, Extensions, Sessions, Extension settings, History Delete Directives, Device Info, User Consents, Send Tab To Self, Web Apps, Collection, Edge E Drop, Edge Hub App Usage, Edge Wallet, Encryption Keys}
{"logTime": "1219/142018", "correlationVector":"nUUN3ZbYeTzIwAF23MrRLN.1","action":"SyncServerConnectionManagerRequest", "result":"SYNC_SERVER_OK", "context":{"environment":"Prod_WestEurope_000l", "migrationStage":"NotStarted", "server":"GENERAL0100001C"}}
{"logTime": "1219/142018", "correlationVector":"nUUN3ZbYeTzIwAF23MrRLN.2","action":"GetUpdates Response", "result":"SYNCER_OK", "context":Received 29 update(s). cV=nUUN3ZbYeTzIwAF23MrRLN.0;server=GENERAL0100001C;cloudType=Consumer;environment=Prod_WestEurope_000l;migrationStage=NotStarted}
{"logTime": "1219/142018", "correlationVector":"IxBLHlDlGGKIC1ZzI4FI4C","action":"Commit Request", "result":"", "context":Item count: 1
Contributing types: Preferences}
{"logTime": "1219/142022", "correlationVector":"IxBLHlDlGGKIC1ZzI4FI4C.1","action":"SyncServerConnectionManagerRequest", "result":"SYNC_SERVER_OK", "context":{"environment":"Prod_WestEurope_000l", "migrationStage":"NotStarted", "server":"GENERAL0100000K"}}
{"logTime": "1219/142022", "correlationVector":"IxBLHlDlGGKIC1ZzI4FI4C.2","action":"Commit Response", "result":"SYNCER_OK", "context":Result: SYNCER_OK. cV=IxBLHlDlGGKIC1ZzI4FI4C.0;server=GENERAL0100000K;cloudType=Consumer;environment=Prod_WestEurope_000l;migrationStage=NotStarted}
{"logTime": "1219/142627", "correlationVector":"hcURH0Lx4/vSqq+GrN45ZB","action":"Commit Request", "result":"", "context":Item count: 1
Contributing types: Sessions}
{"logTime": "1219/142628", "correlationVector":"hcURH0Lx4/vSqq+GrN45ZB.1","action":"SyncServerConnectionManagerRequest", "result":"SYNC_SERVER_OK", "context":{"environment":"Prod_WestEurope_x00e", "migrationStage":"NotStarted", "server":"GENERAL0100002C"}}
{"logTime": "1219/142628", "correlationVector":"hcURH0Lx4/vSqq+GrN45ZB.2","action":"Commit Response", "result":"SYNCER_OK", "context":Result: SYNCER_OK. cV=hcURH0Lx4/vSqq+GrN45ZB.0;server=GENERAL0100002C;cloudType=Consumer;environment=Prod_WestEurope_x00e;migrationStage=NotStarted}
{"logTime": "1219/142839", "correlationVector":"1V6PMJgdBIBxbJdcvGibKI","action":"Commit Request", "result":"", "context":Item count: 3
Contributing types: Sessions}
{"logTime": "1219/142839", "correlationVector":"1V6PMJgdBIBxbJdcvGibKI.1","action":"SyncServerConnectionManagerRequest", "result":"SYNC_SERVER_OK", "context":{"environment":"Prod_WestEurope_x00e", "migrationStage":"NotStarted", "server":"GENERAL01000006"}}
{"logTime": "1219/142839", "correlationVector":"1V6PMJgdBIBxbJdcvGibKI.2","action":"Commit Response", "result":"SYNCER_OK", "context":Result: SYNCER_OK. cV=1V6PMJgdBIBxbJdcvGibKI.0;server=GENERAL01000006;cloudType=Consumer;environment=Prod_WestEurope_x00e;migrationStage=NotStarted}
{"logTime": "1219/142910", "correlationVector":"3sHSKGx8FIHDv0H6Nf5+cE","action":"Commit Request", "result":"", "context":Item count: 2
Contributing types: Sessions}
{"logTime": "1219/142910", "correlationVector":"3sHSKGx8FIHDv0H6Nf5+cE.1","action":"SyncServerConnectionManagerRequest", "result":"SYNC_SERVER_OK", "context":{"environment":"Prod_WestEurope_x00e", "migrationStage":"NotStarted", "server":"GENERAL0100002L"}}
{"logTime": "1219/142910", "correlationVector":"3sHSKGx8FIHDv0H6Nf5+cE.3","action":"Commit.Sessions", "result":"Success", "context":{"id":"3775e45c-7efc-4588-a071-c7cfe4ffd8c1", "isDeleted":"true", "size":"0", "version":"1702996119511"}}
{"logTime": "1219/142910", "correlationVector":"3sHSKGx8FIHDv0H6Nf5+cE.2","action":"Commit Response", "result":"SYNCER_OK", "context":Result: SYNCER_OK. cV=3sHSKGx8FIHDv0H6Nf5+cE.0;server=GENERAL0100002L;cloudType=Consumer;environment=Prod_WestEurope_x00e;migrationStage=NotStarted}
{"logTime": "1219/145305", "correlationVector":"olMsREM7SM6G7HLUP6KbZs.0","action":"FeedSettingFetch_homeCloud", "result":"0", "context":{}}
{"logTime": "1219/145305", "correlationVector":"QwYf+4cEXJKJeb9aAzdgnL.1","action":"SyncServerConnectionManagerRequest", "result":"SYNC_SERVER_OK", "context":{"environment":"Prod_WestEurope_000l", "migrationStage":"NotStarted", "server":"GENERAL0100000H"}}
{"logTime": "1219/145305", "correlationVector":"QwYf+4cEXJKJeb9aAzdgnL","action":"Initial GetUpdates", "result":"", "context":Reason: NEW_CLIENT. cV=QwYf+4cEXJKJeb9aAzdgnL}
{"logTime": "1219/145305", "correlationVector":"QwYf+4cEXJKJeb9aAzdgnL.2","action":"GetUpdates Response", "result":"SYNCER_OK", "context":Received 1 update(s). cV=QwYf+4cEXJKJeb9aAzdgnL.0;server=GENERAL0100000H;cloudType=Consumer;environment=Prod_WestEurope_000l;migrationStage=NotStarted}
{"logTime": "1219/145305", "correlationVector":"u3dtmj/2RbUBuf5soZNtrI","action":"Initial GetUpdates", "result":"", "context":Reason: NEWLY_SUPPORTED_DATATYPE. cV=u3dtmj/2RbUBuf5soZNtrI}
{"logTime": "1219/145305", "correlationVector":"u3dtmj/2RbUBuf5soZNtrI.1","action":"SyncServerConnectionManagerRequest", "result":"SYNC_SERVER_OK", "context":{"environment":"Prod_WestEurope_000l", "migrationStage":"NotStarted", "server":"GENERAL0100000F"}}
{"logTime": "1219/145305", "correlationVector":"u3dtmj/2RbUBuf5soZNtrI.2","action":"GetUpdates", "result":"DeleteReceived", "context":{"id":"ac2783bb-d41d-42e0-b1e1-38ab74e09f6f", "isDeleted:":"true", "version":"1678474806372"}}
{"logTime": "1219/145305", "correlationVector":"u3dtmj/2RbUBuf5soZNtrI.3","action":"GetUpdates", "result":"DeleteReceived", "context":{"id":"e840c8a7-c511-4c38-8c6c-b5a5a4010cdb", "isDeleted:":"true", "version":"1678474806373"}}
{"logTime": "1219/145305", "correlationVector":"u3dtmj/2RbUBuf5soZNtrI.4","action":"GetUpdates", "result":"DeleteReceived", "context":{"id":"1f53cac4-c8e5-4d89-b933-a7d6d7b61516", "isDeleted:":"true", "version":"1678474806374"}}
{"logTime": "1219/145305", "correlationVector":"u3dtmj/2RbUBuf5soZNtrI.5","action":"GetUpdates", "result":"DeleteReceived", "context":{"id":"df538c98-6f79-4a38-883c-e002065726d8", "isDeleted:":"true", "version":"1678474806375"}}
{"logTime": "1219/145305", "correlationVector":"u3dtmj/2RbUBuf5soZNtrI.6","action":"GetUpdates", "result":"DeleteReceived", "context":{"id":"dbf38627-bcf1-4457-a9f8-8bf63492dd41", "isDeleted:":"true", "version":"1678474806376"}}
{"logTime": "1219/145305", "correlationVector":"u3dtmj/2RbUBuf5soZNtrI.7","action":"GetUpdates", "result":"DeleteReceived", "context":{"id":"49a3715f-cd4d-4b83-adea-a2be06afcc70", "isDeleted:":"true", "version":"1678474806377"}}
{"logTime": "1219/145305", "correlationVector":"u3dtmj/2RbUBuf5soZNtrI.8","action":"GetUpdates", "result":"DeleteReceived", "context":{"id":"aa3e2dfd-41d2-4579-8654-88c583df52a9", "isDeleted:":"true", "version":"1682261745267"}}
{"logTime": "1219/145305", "correlationVector":"u3dtmj/2RbUBuf5soZNtrI.9","action":"GetUpdates", "result":"DeleteReceived", "context":{"id":"311a4bc4-d25f-4de1-a77a-8399a07c05ac", "isDeleted:":"true", "version":"1682269268647"}}
{"logTime": "1219/145305", "correlationVector":"u3dtmj/2RbUBuf5soZNtrI.10","action":"GetUpdates", "result":"DeleteReceived", "context":{"id":"55c72b54-c414-4b83-bac1-fbf5ba9677f3", "isDeleted:":"true", "version":"1683356932980"}}
{"logTime": "1219/145305", "correlationVector":"u3dtmj/2RbUBuf5soZNtrI.11","action":"GetUpdates", "result":"DeleteReceived", "context":{"id":"f3c5baea-f665-49fe-9a1d-17cbf5d2efa0", "isDeleted:":"true", "version":"1684066033632"}}
{"logTime": "1219/145305", "correlationVector":"u3dtmj/2RbUBuf5soZNtrI.12","action":"GetUpdates", "result":"DeleteReceived", "context":{"id":"c2927bdb-5774-41bd-a8f6-cd0add0929fd", "isDeleted:":"true", "version":"1684220876766"}}
{"logTime": "1219/145305", "correlationVector":"u3dtmj/2RbUBuf5soZNtrI.13","action":"GetUpdates", "result":"DeleteReceived", "context":{"id":"0e84348c-10b5-4bab-9440-67058242a3a0", "isDeleted:":"true", "version":"1684493805374"}}
{"logTime": "1219/145305", "correlationVector":"u3dtmj/2RbUBuf5soZNtrI.14","action":"GetUpdates", "result":"DeleteReceived", "context":{"id":"30b75f73-f49e-4eb5-9bf1-f45bf6153409", "isDeleted:":"true", "version":"1684588125023"}}
{"logTime": "1219/145305", "correlationVector":"u3dtmj/2RbUBuf5soZNtrI.15","action":"GetUpdates", "result":"DeleteReceived", "context":{"id":"82d78c9e-2bdf-4ce0-b499-28f31c31333f", "isDeleted:":"true", "version":"1688978260201"}}
{"logTime": "1219/145305", "correlationVector":"u3dtmj/2RbUBuf5soZNtrI.16","action":"GetUpdates", "result":"DeleteReceived", "context":{"id":"a2cd18e2-b26e-428e-9861-835b6414fc44", "isDeleted:":"true", "version":"1688978260202"}}
{"logTime": "1219/145305", "correlationVector":"u3dtmj/2RbUBuf5soZNtrI.17","action":"GetUpdates", "result":"DeleteReceived", "context":{"id":"86500820-fab5-4b87-9cfb-422b050b477f", "isDeleted:":"true", "version":"1688978260203"}}
{"logTime": "1219/145305", "correlationVector":"u3dtmj/2RbUBuf5soZNtrI.18","action":"GetUpdates", "result":"DeleteReceived", "context":{"id":"f21e1693-42a7-4fdd-b0b1-0f378e47b700", "isDeleted:":"true", "version":"1688978260204"}}
{"logTime": "1219/145305", "correlationVector":"u3dtmj/2RbUBuf5soZNtrI.19","action":"GetUpdates", "result":"DeleteReceived", "context":{"id":"97fd1ad7-8aa1-4086-a0ec-09aa15a53f6e", "isDeleted:":"true", "version":"1688978260205"}}
{"logTime": "1219/145305", "correlationVector":"u3dtmj/2RbUBuf5soZNtrI.20","action":"GetUpdates", "result":"DeleteReceived", "context":{"id":"8480b6bd-8e24-4986-8166-4004950710e0", "isDeleted:":"true", "version":"1688978260206"}}
{"logTime": "1219/145305", "correlationVector":"u3dtmj/2RbUBuf5soZNtrI.21","action":"GetUpdates", "result":"DeleteReceived", "context":{"id":"f6a08d71-b4de-42cb-b0c6-0f8e15082181", "isDeleted:":"true", "version":"1688978260207"}}
{"logTime": "1219/145305", "correlationVector":"u3dtmj/2RbUBuf5soZNtrI.22","action":"GetUpdates", "result":"DeleteReceived", "context":{"id":"def6f417-44a6-4d8b-a4b6-783c7f8fb6ad", "isDeleted:":"true", "version":"1688978260208"}}
{"logTime": "1219/145305", "correlationVector":"u3dtmj/2RbUBuf5soZNtrI.23","action":"GetUpdates", "result":"DeleteReceived", "context":{"id":"f51211df-fea2-4b77-8925-10bfe8861ab8", "isDeleted:":"true", "version":"1688978260209"}}
{"logTime": "1219/145305", "correlationVector":"u3dtmj/2RbUBuf5soZNtrI.24","action":"GetUpdates", "result":"DeleteReceived", "context":{"id":"9ac1ac17-de4b-4ca1-9612-705ee8f613c6", "isDeleted:":"true", "version":"1688978260210"}}
{"logTime": "1219/145305", "correlationVector":"u3dtmj/2RbUBuf5soZNtrI.25","action":"GetUpdates", "result":"DeleteReceived", "context":{"id":"e3cd3da9-a011-4637-92ef-c5b7767a2a0d", "isDeleted:":"true", "version":"1688978260211"}}
{"logTime": "1219/145305", "correlationVector":"u3dtmj/2RbUBuf5soZNtrI.26","action":"GetUpdates", "result":"DeleteReceived", "context":{"id":"0b492355-c098-4a17-944e-05f2e40747d7", "isDeleted:":"true", "version":"1688978260212"}}
{"logTime": "1219/145305", "correlationVector":"u3dtmj/2RbUBuf5soZNtrI.27","action":"GetUpdates", "result":"DeleteReceived", "context":{"id":"bdc9160e-9a26-4ea9-b9ac-978888c269d6", "isDeleted:":"true", "version":"1688978260213"}}
{"logTime": "1219/145305", "correlationVector":"u3dtmj/2RbUBuf5soZNtrI.28","action":"GetUpdates", "result":"DeleteReceived", "context":{"id":"f26047a6-6cbb-44c8-9d78-30dc68d985aa", "isDeleted:":"true", "version":"1688978260214"}}
{"logTime": "1219/145305", "correlationVector":"u3dtmj/2RbUBuf5soZNtrI.29","action":"GetUpdates", "result":"DeleteReceived", "context":{"id":"24fc41fc-78dd-4c79-a91f-2034578ad400", "isDeleted:":"true", "version":"1689918423122"}}
{"logTime": "1219/145305", "correlationVector":"u3dtmj/2RbUBuf5soZNtrI.30","action":"GetUpdates", "result":"DeleteReceived", "context":{"id":"133bb9b6-9d6b-4b72-be49-8f4cdfb7d051", "isDeleted:":"true", "version":"1689918440895"}}
{"logTime": "1219/145305", "correlationVector":"u3dtmj/2RbUBuf5soZNtrI.31","action":"GetUpdates Response", "result":"SYNCER_OK", "context":Received 93 update(s). cV=u3dtmj/2RbUBuf5soZNtrI.0;server=GENERAL0100000F;cloudType=Consumer;environment=Prod_WestEurope_000l;migrationStage=NotStarted}
{"logTime": "1219/145305", "correlationVector":"BqNOrVOd7ePULoF2eP5QcJ","action":"SyncServerConnectionManagerRequest", "result":"SYNC_SERVER_OK", "context":{"environment":"", "migrationStage":"", "server":""}}
{"logTime": "1219/145305", "correlationVector":"Eb9sANfguQHbMNWc5vPr+p","action":"Normal GetUpdate request", "result":"", "context":cV=Eb9sANfguQHbMNWc5vPr+p
Nudged types: Sessions
Refresh requested types: Bookmarks, Preferences, Passwords, Autofill Profiles, Autofill, Autofill Custom Data, Typed URLs, Extensions, Sessions, Extension settings, History Delete Directives, Device Info, User Consents, Send Tab To Self, Web Apps, Collection, Edge E Drop, Edge Hub App Usage, Edge Wallet, Encryption Keys}
{"logTime": "1219/145305", "correlationVector":"Eb9sANfguQHbMNWc5vPr+p.1","action":"SyncServerConnectionManagerRequest", "result":"SYNC_SERVER_OK", "context":{"environment":"Prod_NorthEurope_x00f", "migrationStage":"NotStarted", "server":"GENERAL0100002M"}}
{"logTime": "1219/145305", "correlationVector":"Eb9sANfguQHbMNWc5vPr+p.2","action":"GetUpdates", "result":"DeleteReceived", "context":{"id":"3775e45c-7efc-4588-a071-c7cfe4ffd8c1", "isDeleted:":"true", "version":"1702996150293"}}
{"logTime": "1219/145305", "correlationVector":"Eb9sANfguQHbMNWc5vPr+p.3","action":"GetUpdates Response", "result":"SYNCER_OK", "context":Received 5 update(s). cV=Eb9sANfguQHbMNWc5vPr+p.0;server=GENERAL0100002M;cloudType=Consumer;environment=Prod_NorthEurope_x00f;migrationStage=NotStarted}
{"logTime": "1219/145305", "correlationVector":"ucSAMmyybdNFIc2+6QzKkF","action":"Commit Request", "result":"", "context":Item count: 6
Contributing types: Sessions}
{"logTime": "1219/145305", "correlationVector":"ucSAMmyybdNFIc2+6QzKkF.1","action":"SyncServerConnectionManagerRequest", "result":"SYNC_SERVER_OK", "context":{"environment":"Prod_WestEurope_000l", "migrationStage":"NotStarted", "server":"GENERAL0100000N"}}
{"logTime": "1219/145305", "correlationVector":"ucSAMmyybdNFIc2+6QzKkF.3","action":"Commit.Sessions", "result":"Success", "context":{"id":"f50bb467-835c-47cf-8806-5e5638ba9346", "isDeleted":"true", "size":"0", "version":"1702996150292"}}
{"logTime": "1219/145305", "correlationVector":"ucSAMmyybdNFIc2+6QzKkF.4","action":"Commit.Sessions", "result":"Success", "context":{"id":"26bc20c8-d52f-4c46-ae5e-198bd79321ae", "isDeleted":"true", "size":"0", "version":"1702995988279"}}
{"logTime": "1219/145305", "correlationVector":"ucSAMmyybdNFIc2+6QzKkF.2","action":"Commit Response", "result":"SYNCER_OK", "context":Result: SYNCER_OK. cV=ucSAMmyybdNFIc2+6QzKkF.0;server=GENERAL0100000N;cloudType=Consumer;environment=Prod_WestEurope_000l;migrationStage=NotStarted}
{"logTime": "1219/145305", "correlationVector":"In0Hx/wVj2Cgvrnn8ewrg1","action":"Normal GetUpdate request", "result":"", "context":cV=In0Hx/wVj2Cgvrnn8ewrg1
Nudged types: Sessions
Refresh requested types: Bookmarks, Preferences, Passwords, Autofill Profiles, Autofill, Autofill Custom Data, Typed URLs, Extensions, Sessions, Extension settings, History Delete Directives, Device Info, User Consents, Send Tab To Self, Web Apps, Collection, Edge E Drop, Edge Hub App Usage, Edge Wallet, Encryption Keys}
{"logTime": "1219/145305", "correlationVector":"In0Hx/wVj2Cgvrnn8ewrg1.1","action":"SyncServerConnectionManagerRequest", "result":"SYNC_SERVER_OK", "context":{"environment":"Prod_WestEurope_000l", "migrationStage":"NotStarted", "server":"GENERAL0100000N"}}
{"logTime": "1219/145305", "correlationVector":"In0Hx/wVj2Cgvrnn8ewrg1.2","action":"GetUpdates", "result":"DeleteReceived", "context":{"id":"f50bb467-835c-47cf-8806-5e5638ba9346", "isDeleted:":"true", "version":"1702997530848"}}
{"logTime": "1219/145305", "correlationVector":"In0Hx/wVj2Cgvrnn8ewrg1.3","action":"GetUpdates", "result":"DeleteReceived", "context":{"id":"26bc20c8-d52f-4c46-ae5e-198bd79321ae", "isDeleted:":"true", "version":"1702997530852"}}
{"logTime": "1219/145305", "correlationVector":"In0Hx/wVj2Cgvrnn8ewrg1.4","action":"GetUpdates Response", "result":"SYNCER_OK", "context":Received 6 update(s). cV=In0Hx/wVj2Cgvrnn8ewrg1.0;server=GENERAL0100000N;cloudType=Consumer;environment=Prod_WestEurope_000l;migrationStage=NotStarted}
{"logTime": "1219/145305", "correlationVector":"xAq11w1TLq3zJ9DItzTw6p","action":"Commit Request", "result":"", "context":Item count: 1
Contributing types: Sessions}
{"logTime": "1219/145305", "correlationVector":"xAq11w1TLq3zJ9DItzTw6p.1","action":"SyncServerConnectionManagerRequest", "result":"SYNC_SERVER_OK", "context":{"environment":"Prod_WestEurope_000l", "migrationStage":"NotStarted", "server":"GENERAL0100000C"}}
{"logTime": "1219/145305", "correlationVector":"xAq11w1TLq3zJ9DItzTw6p.2","action":"Commit Response", "result":"SYNCER_OK", "context":Result: SYNCER_OK. cV=xAq11w1TLq3zJ9DItzTw6p.0;server=GENERAL0100000C;cloudType=Consumer;environment=Prod_WestEurope_000l;migrationStage=NotStarted}
{"logTime": "1219/145305", "correlationVector":"naa7NhPzecXfFG4qeD1yKj","action":"Commit Request", "result":"", "context":Item count: 1
Contributing types: Sessions}
{"logTime": "1219/145305", "correlationVector":"naa7NhPzecXfFG4qeD1yKj.1","action":"SyncServerConnectionManagerRequest", "result":"SYNC_SERVER_OK", "context":{"environment":"Prod_NorthEurope_x00f", "migrationStage":"NotStarted", "server":"GENERAL0200003C"}}
{"logTime": "1219/145305", "correlationVector":"naa7NhPzecXfFG4qeD1yKj.2","action":"Commit Response", "result":"SYNCER_OK", "context":Result: SYNCER_OK. cV=naa7NhPzecXfFG4qeD1yKj.0;server=GENERAL0200003C;cloudType=Consumer;environment=Prod_NorthEurope_x00f;migrationStage=NotStarted}
{"logTime": "1219/145325", "correlationVector":"SXKMl4HAsjgqFlinq680jg","action":"Commit Request", "result":"", "context":Item count: 4
Contributing types: Sessions}
{"logTime": "1219/145325", "correlationVector":"SXKMl4HAsjgqFlinq680jg.1","action":"SyncServerConnectionManagerRequest", "result":"SYNC_SERVER_OK", "context":{"environment":"Prod_WestEurope_000l", "migrationStage":"NotStarted", "server":"GENERAL0100000P"}}
{"logTime": "1219/145325", "correlationVector":"SXKMl4HAsjgqFlinq680jg.3","action":"Commit.Sessions", "result":"Success", "context":{"id":"44d68ebc-1fe2-4b2b-863e-415c360420ec", "isDeleted":"true", "size":"0", "version":"1702997532303"}}
{"logTime": "1219/145325", "correlationVector":"SXKMl4HAsjgqFlinq680jg.2","action":"Commit Response", "result":"SYNCER_OK", "context":Result: SYNCER_OK. cV=SXKMl4HAsjgqFlinq680jg.0;server=GENERAL0100000P;cloudType=Consumer;environment=Prod_WestEurope_000l;migrationStage=NotStarted}
{"logTime": "1219/145400", "correlationVector":"MPcr+1ataFrGjKByAUw5mc","action":"Commit Request", "result":"", "context":Item count: 1
Contributing types: Sessions}
{"logTime": "1219/145400", "correlationVector":"MPcr+1ataFrGjKByAUw5mc.1","action":"SyncServerConnectionManagerRequest", "result":"SYNC_SERVER_OK", "context":{"environment":"Prod_WestEurope_x00e", "migrationStage":"NotStarted", "server":"GENERAL0200002J"}}
{"logTime": "1219/145400", "correlationVector":"MPcr+1ataFrGjKByAUw5mc.3","action":"Commit.Sessions", "result":"Success", "context":{"id":"80175f45-fe79-488e-85ea-8f95367bed80", "isDeleted":"true", "size":"0", "version":"1702997605074"}}
{"logTime": "1219/145400", "correlationVector":"MPcr+1ataFrGjKByAUw5mc.2","action":"Commit Response", "result":"SYNCER_OK", "context":Result: SYNCER_OK. cV=MPcr+1ataFrGjKByAUw5mc.0;server=GENERAL0200002J;cloudType=Consumer;environment=Prod_WestEurope_x00e;migrationStage=NotStarted}
{"logTime": "1219/150824", "correlationVector":"rO5rzr/K6fIPv0X56XEnan.0","action":"FeedSettingFetch_homeCloud", "result":"0", "context":{}}
{"logTime": "1219/150824", "correlationVector":"HcujEOYGLqUwR97WdAcXnB.1","action":"SyncServerConnectionManagerRequest", "result":"SYNC_SERVER_OK", "context":{"environment":"Prod_WestEurope_x00e", "migrationStage":"NotStarted", "server":"GENERAL0100000L"}}
{"logTime": "1219/150824", "correlationVector":"HcujEOYGLqUwR97WdAcXnB","action":"Initial GetUpdates", "result":"", "context":Reason: NEW_CLIENT. cV=HcujEOYGLqUwR97WdAcXnB}
{"logTime": "1219/150824", "correlationVector":"HcujEOYGLqUwR97WdAcXnB.2","action":"GetUpdates Response", "result":"SYNCER_OK", "context":Received 1 update(s). cV=HcujEOYGLqUwR97WdAcXnB.0;server=GENERAL0100000L;cloudType=Consumer;environment=Prod_WestEurope_x00e;migrationStage=NotStarted}
{"logTime": "1219/150824", "correlationVector":"Nc3rgJob2lfjn/I3G0KkiK","action":"Initial GetUpdates", "result":"", "context":Reason: NEWLY_SUPPORTED_DATATYPE. cV=Nc3rgJob2lfjn/I3G0KkiK}
{"logTime": "1219/150824", "correlationVector":"Nc3rgJob2lfjn/I3G0KkiK.1","action":"SyncServerConnectionManagerRequest", "result":"SYNC_SERVER_OK", "context":{"environment":"Prod_WestEurope_000l", "migrationStage":"NotStarted", "server":"general0100001B"}}
{"logTime": "1219/150824", "correlationVector":"Nc3rgJob2lfjn/I3G0KkiK.2","action":"GetUpdates", "result":"DeleteReceived", "context":{"id":"ac2783bb-d41d-42e0-b1e1-38ab74e09f6f", "isDeleted:":"true", "version":"1678474806372"}}
{"logTime": "1219/150824", "correlationVector":"Nc3rgJob2lfjn/I3G0KkiK.3","action":"GetUpdates", "result":"DeleteReceived", "context":{"id":"e840c8a7-c511-4c38-8c6c-b5a5a4010cdb", "isDeleted:":"true", "version":"1678474806373"}}
{"logTime": "1219/150824", "correlationVector":"Nc3rgJob2lfjn/I3G0KkiK.4","action":"GetUpdates", "result":"DeleteReceived", "context":{"id":"1f53cac4-c8e5-4d89-b933-a7d6d7b61516", "isDeleted:":"true", "version":"1678474806374"}}
{"logTime": "1219/150824", "correlationVector":"Nc3rgJob2lfjn/I3G0KkiK.5","action":"GetUpdates", "result":"DeleteReceived", "context":{"id":"df538c98-6f79-4a38-883c-e002065726d8", "isDeleted:":"true", "version":"1678474806375"}}
{"logTime": "1219/150824", "correlationVector":"Nc3rgJob2lfjn/I3G0KkiK.6","action":"GetUpdates", "result":"DeleteReceived", "context":{"id":"dbf38627-bcf1-4457-a9f8-8bf63492dd41", "isDeleted:":"true", "version":"1678474806376"}}
{"logTime": "1219/150824", "correlationVector":"Nc3rgJob2lfjn/I3G0KkiK.7","action":"GetUpdates", "result":"DeleteReceived", "context":{"id":"49a3715f-cd4d-4b83-adea-a2be06afcc70", "isDeleted:":"true", "version":"1678474806377"}}
{"logTime": "1219/150824", "correlationVector":"Nc3rgJob2lfjn/I3G0KkiK.8","action":"GetUpdates", "result":"DeleteReceived", "context":{"id":"aa3e2dfd-41d2-4579-8654-88c583df52a9", "isDeleted:":"true", "version":"1682261745267"}}
{"logTime": "1219/150824", "correlationVector":"Nc3rgJob2lfjn/I3G0KkiK.9","action":"GetUpdates", "result":"DeleteReceived", "context":{"id":"311a4bc4-d25f-4de1-a77a-8399a07c05ac", "isDeleted:":"true", "version":"1682269268647"}}
{"logTime": "1219/150824", "correlationVector":"Nc3rgJob2lfjn/I3G0KkiK.10","action":"GetUpdates", "result":"DeleteReceived", "context":{"id":"55c72b54-c414-4b83-bac1-fbf5ba9677f3", "isDeleted:":"true", "version":"1683356932980"}}
{"logTime": "1219/150824", "correlationVector":"Nc3rgJob2lfjn/I3G0KkiK.11","action":"GetUpdates", "result":"DeleteReceived", "context":{"id":"f3c5baea-f665-49fe-9a1d-17cbf5d2efa0", "isDeleted:":"true", "version":"1684066033632"}}
{"logTime": "1219/150824", "correlationVector":"Nc3rgJob2lfjn/I3G0KkiK.12","action":"GetUpdates", "result":"DeleteReceived", "context":{"id":"c2927bdb-5774-41bd-a8f6-cd0add0929fd", "isDeleted:":"true", "version":"1684220876766"}}
{"logTime": "1219/150824", "correlationVector":"Nc3rgJob2lfjn/I3G0KkiK.13","action":"GetUpdates", "result":"DeleteReceived", "context":{"id":"0e84348c-10b5-4bab-9440-67058242a3a0", "isDeleted:":"true", "version":"1684493805374"}}
{"logTime": "1219/150824", "correlationVector":"Nc3rgJob2lfjn/I3G0KkiK.14","action":"GetUpdates", "result":"DeleteReceived", "context":{"id":"30b75f73-f49e-4eb5-9bf1-f45bf6153409", "isDeleted:":"true", "version":"1684588125023"}}
{"logTime": "1219/150824", "correlationVector":"Nc3rgJob2lfjn/I3G0KkiK.15","action":"GetUpdates", "result":"DeleteReceived", "context":{"id":"82d78c9e-2bdf-4ce0-b499-28f31c31333f", "isDeleted:":"true", "version":"1688978260201"}}
{"logTime": "1219/150824", "correlationVector":"Nc3rgJob2lfjn/I3G0KkiK.16","action":"GetUpdates", "result":"DeleteReceived", "context":{"id":"a2cd18e2-b26e-428e-9861-835b6414fc44", "isDeleted:":"true", "version":"1688978260202"}}
{"logTime": "1219/150824", "correlationVector":"Nc3rgJob2lfjn/I3G0KkiK.17","action":"GetUpdates", "result":"DeleteReceived", "context":{"id":"86500820-fab5-4b87-9cfb-422b050b477f", "isDeleted:":"true", "version":"1688978260203"}}
{"logTime": "1219/150824", "correlationVector":"Nc3rgJob2lfjn/I3G0KkiK.18","action":"GetUpdates", "result":"DeleteReceived", "context":{"id":"f21e1693-42a7-4fdd-b0b1-0f378e47b700", "isDeleted:":"true", "version":"1688978260204"}}
{"logTime": "1219/150824", "correlationVector":"Nc3rgJob2lfjn/I3G0KkiK.19","action":"GetUpdates", "result":"DeleteReceived", "context":{"id":"97fd1ad7-8aa1-4086-a0ec-09aa15a53f6e", "isDeleted:":"true", "version":"1688978260205"}}
{"logTime": "1219/150824", "correlationVector":"Nc3rgJob2lfjn/I3G0KkiK.20","action":"GetUpdates", "result":"DeleteReceived", "context":{"id":"8480b6bd-8e24-4986-8166-4004950710e0", "isDeleted:":"true", "version":"1688978260206"}}
{"logTime": "1219/150824", "correlationVector":"Nc3rgJob2lfjn/I3G0KkiK.21","action":"GetUpdates", "result":"DeleteReceived", "context":{"id":"f6a08d71-b4de-42cb-b0c6-0f8e15082181", "isDeleted:":"true", "version":"1688978260207"}}
{"logTime": "1219/150824", "correlationVector":"Nc3rgJob2lfjn/I3G0KkiK.22","action":"GetUpdates", "result":"DeleteReceived", "context":{"id":"def6f417-44a6-4d8b-a4b6-783c7f8fb6ad", "isDeleted:":"true", "version":"1688978260208"}}
{"logTime": "1219/150824", "correlationVector":"Nc3rgJob2lfjn/I3G0KkiK.23","action":"GetUpdates", "result":"DeleteReceived", "context":{"id":"f51211df-fea2-4b77-8925-10bfe8861ab8", "isDeleted:":"true", "version":"1688978260209"}}
{"logTime": "1219/150824", "correlationVector":"Nc3rgJob2lfjn/I3G0KkiK.24","action":"GetUpdates", "result":"DeleteReceived", "context":{"id":"9ac1ac17-de4b-4ca1-9612-705ee8f613c6", "isDeleted:":"true", "version":"1688978260210"}}
{"logTime": "1219/150824", "correlationVector":"Nc3rgJob2lfjn/I3G0KkiK.25","action":"GetUpdates", "result":"DeleteReceived", "context":{"id":"e3cd3da9-a011-4637-92ef-c5b7767a2a0d", "isDeleted:":"true", "version":"1688978260211"}}
{"logTime": "1219/150824", "correlationVector":"Nc3rgJob2lfjn/I3G0KkiK.26","action":"GetUpdates", "result":"DeleteReceived", "context":{"id":"0b492355-c098-4a17-944e-05f2e40747d7", "isDeleted:":"true", "version":"1688978260212"}}
{"logTime": "1219/150824", "correlationVector":"Nc3rgJob2lfjn/I3G0KkiK.27","action":"GetUpdates", "result":"DeleteReceived", "context":{"id":"bdc9160e-9a26-4ea9-b9ac-978888c269d6", "isDeleted:":"true", "version":"1688978260213"}}
{"logTime": "1219/150824", "correlationVector":"Nc3rgJob2lfjn/I3G0KkiK.28","action":"GetUpdates", "result":"DeleteReceived", "context":{"id":"f26047a6-6cbb-44c8-9d78-30dc68d985aa", "isDeleted:":"true", "version":"1688978260214"}}
{"logTime": "1219/150824", "correlationVector":"Nc3rgJob2lfjn/I3G0KkiK.29","action":"GetUpdates", "result":"DeleteReceived", "context":{"id":"24fc41fc-78dd-4c79-a91f-2034578ad400", "isDeleted:":"true", "version":"1689918423122"}}
{"logTime": "1219/150824", "correlationVector":"Nc3rgJob2lfjn/I3G0KkiK.30","action":"GetUpdates", "result":"DeleteReceived", "context":{"id":"133bb9b6-9d6b-4b72-be49-8f4cdfb7d051", "isDeleted:":"true", "version":"1689918440895"}}
{"logTime": "1219/150824", "correlationVector":"Nc3rgJob2lfjn/I3G0KkiK.31","action":"GetUpdates Response", "result":"SYNCER_OK", "context":Received 93 update(s). cV=Nc3rgJob2lfjn/I3G0KkiK.0;server=general0100001B;cloudType=Consumer;environment=Prod_WestEurope_000l;migrationStage=NotStarted}
{"logTime": "1219/150824", "correlationVector":"PO3UMu6iGS6AzKSvYPiOlG","action":"SyncServerConnectionManagerRequest", "result":"SYNC_SERVER_OK", "context":{"environment":"", "migrationStage":"", "server":""}}
{"logTime": "1219/150824", "correlationVector":"ENHIoGN06a/qEtyjHMw6qL","action":"Normal GetUpdate request", "result":"", "context":cV=ENHIoGN06a/qEtyjHMw6qL
Nudged types: Sessions
Refresh requested types: Bookmarks, Preferences, Passwords, Autofill Profiles, Autofill, Autofill Custom Data, Typed URLs, Extensions, Sessions, Extension settings, History Delete Directives, Device Info, User Consents, Send Tab To Self, Web Apps, Collection, Edge E Drop, Edge Hub App Usage, Edge Wallet, Encryption Keys}
{"logTime": "1219/150824", "correlationVector":"ENHIoGN06a/qEtyjHMw6qL.1","action":"SyncServerConnectionManagerRequest", "result":"SYNC_SERVER_OK", "context":{"environment":"Prod_WestEurope_000l", "migrationStage":"NotStarted", "server":"GENERAL0100000P"}}
{"logTime": "1219/150824", "correlationVector":"ENHIoGN06a/qEtyjHMw6qL.2","action":"GetUpdates", "result":"DeleteReceived", "context":{"id":"44d68ebc-1fe2-4b2b-863e-415c360420ec", "isDeleted:":"true", "version":"1702997605072"}}
{"logTime": "1219/150824", "correlationVector":"ENHIoGN06a/qEtyjHMw6qL.3","action":"GetUpdates", "result":"DeleteReceived", "context":{"id":"80175f45-fe79-488e-85ea-8f95367bed80", "isDeleted:":"true", "version":"1702997640640"}}
{"logTime": "1219/150824", "correlationVector":"ENHIoGN06a/qEtyjHMw6qL.4","action":"GetUpdates Response", "result":"SYNCER_OK", "context":Received 4 update(s). cV=ENHIoGN06a/qEtyjHMw6qL.0;server=GENERAL0100000P;cloudType=Consumer;environment=Prod_WestEurope_000l;migrationStage=NotStarted}
{"logTime": "1219/150824", "correlationVector":"giwk9sKEyyOk3HMf/mbshS","action":"Commit Request", "result":"", "context":Item count: 3
Contributing types: Sessions}
{"logTime": "1219/150824", "correlationVector":"giwk9sKEyyOk3HMf/mbshS.1","action":"SyncServerConnectionManagerRequest", "result":"SYNC_SERVER_OK", "context":{"environment":"Prod_WestEurope_000l", "migrationStage":"NotStarted", "server":"GENERAL01000003"}}
{"logTime": "1219/150824", "correlationVector":"giwk9sKEyyOk3HMf/mbshS.3","action":"Commit.Sessions", "result":"Success", "context":{"id":"a0112647-690a-410c-973e-72249ef7b4b9", "isDeleted":"true", "size":"0", "version":"1702997605073"}}
{"logTime": "1219/150824", "correlationVector":"giwk9sKEyyOk3HMf/mbshS.2","action":"Commit Response", "result":"SYNCER_OK", "context":Result: SYNCER_OK. cV=giwk9sKEyyOk3HMf/mbshS.0;server=GENERAL01000003;cloudType=Consumer;environment=Prod_WestEurope_000l;migrationStage=NotStarted}
{"logTime": "1219/150824", "correlationVector":"+bJ9RJ0qjKEuGvBWBfLjP/","action":"Normal GetUpdate request", "result":"", "context":cV=+bJ9RJ0qjKEuGvBWBfLjP/
Nudged types: Sessions
Refresh requested types: Bookmarks, Preferences, Passwords, Autofill Profiles, Autofill, Autofill Custom Data, Typed URLs, Extensions, Sessions, Extension settings, History Delete Directives, Device Info, User Consents, Send Tab To Self, Web Apps, Collection, Edge E Drop, Edge Hub App Usage, Edge Wallet, Encryption Keys}
{"logTime": "1219/150824", "correlationVector":"+bJ9RJ0qjKEuGvBWBfLjP/.1","action":"SyncServerConnectionManagerRequest", "result":"SYNC_SERVER_OK", "context":{"environment":"Prod_WestEurope_000l", "migrationStage":"NotStarted", "server":"GENERAL0100000N"}}
{"logTime": "1219/150824", "correlationVector":"+bJ9RJ0qjKEuGvBWBfLjP/.2","action":"GetUpdates", "result":"DeleteReceived", "context":{"id":"a0112647-690a-410c-973e-72249ef7b4b9", "isDeleted:":"true", "version":"1702998449097"}}
{"logTime": "1219/150824", "correlationVector":"+bJ9RJ0qjKEuGvBWBfLjP/.3","action":"GetUpdates Response", "result":"SYNCER_OK", "context":Received 3 update(s). cV=+bJ9RJ0qjKEuGvBWBfLjP/.0;server=GENERAL0100000N;cloudType=Consumer;environment=Prod_WestEurope_000l;migrationStage=NotStarted}
{"logTime": "1219/150824", "correlationVector":"86wqancIr/HgE2BNnqz0iJ","action":"Commit Request", "result":"", "context":Item count: 1
Contributing types: Sessions}
{"logTime": "1219/150824", "correlationVector":"86wqancIr/HgE2BNnqz0iJ.1","action":"SyncServerConnectionManagerRequest", "result":"SYNC_SERVER_OK", "context":{"environment":"Prod_WestEurope_x00e", "migrationStage":"NotStarted", "server":"GENERAL02000006"}}
{"logTime": "1219/150824", "correlationVector":"86wqancIr/HgE2BNnqz0iJ.2","action":"Commit Response", "result":"SYNCER_OK", "context":Result: SYNCER_OK. cV=86wqancIr/HgE2BNnqz0iJ.0;server=GENERAL02000006;cloudType=Consumer;environment=Prod_WestEurope_x00e;migrationStage=NotStarted}
{"logTime": "1219/151224", "correlationVector":"ANb/gbbJkkrKTTCkbcAFQl","action":"Normal GetUpdate request", "result":"", "context":cV=ANb/gbbJkkrKTTCkbcAFQl
Refresh requested types: Bookmarks, Preferences, Passwords, Autofill Profiles, Autofill, Autofill Custom Data, Typed URLs, Extensions, Sessions, Extension settings, History Delete Directives, Device Info, User Consents, Send Tab To Self, Web Apps, Collection, Edge E Drop, Edge Hub App Usage, Edge Wallet, Encryption Keys}
{"logTime": "1219/151226", "correlationVector":"ANb/gbbJkkrKTTCkbcAFQl.1","action":"SyncServerConnectionManagerRequest", "result":"SYNC_SERVER_OK", "context":{"environment":"Prod_WestEurope_x00e", "migrationStage":"NotStarted", "server":"GENERAL02000006"}}
{"logTime": "1219/151226", "correlationVector":"ANb/gbbJkkrKTTCkbcAFQl.2","action":"GetUpdates Response", "result":"SYNCER_OK", "context":Received 1 update(s). cV=ANb/gbbJkkrKTTCkbcAFQl.0;server=GENERAL02000006;cloudType=Consumer;environment=Prod_WestEurope_x00e;migrationStage=NotStarted}
{"logTime": "1219/193705", "correlationVector":"pcTJgMNzfN7fQwF1mJfPAJ.0","action":"FeedSettingFetch_homeCloud", "result":"0", "context":{}}
{"logTime": "1219/193705", "correlationVector":"fM4sivpADHPxi5i3zXvrVs.1","action":"SyncServerConnectionManagerRequest", "result":"SYNC_SERVER_OK", "context":{"environment":"Prod_WestEurope_000l", "migrationStage":"NotStarted", "server":"GENERAL0100000A"}}
{"logTime": "1219/193705", "correlationVector":"fM4sivpADHPxi5i3zXvrVs","action":"Initial GetUpdates", "result":"", "context":Reason: NEW_CLIENT. cV=fM4sivpADHPxi5i3zXvrVs}
{"logTime": "1219/193705", "correlationVector":"fM4sivpADHPxi5i3zXvrVs.2","action":"GetUpdates Response", "result":"SYNCER_OK", "context":Received 1 update(s). cV=fM4sivpADHPxi5i3zXvrVs.0;server=GENERAL0100000A;cloudType=Consumer;environment=Prod_WestEurope_000l;migrationStage=NotStarted}
{"logTime": "1219/193705", "correlationVector":"r3dynGsntVESs9A7lGayfm","action":"SyncServerConnectionManagerRequest", "result":"SYNC_SERVER_OK", "context":{"environment":"", "migrationStage":"", "server":""}}
{"logTime": "1219/193705", "correlationVector":"hSHNT1X/a4Iz/Jr+kc2hGI","action":"Initial GetUpdates", "result":"", "context":Reason: NEWLY_SUPPORTED_DATATYPE. cV=hSHNT1X/a4Iz/Jr+kc2hGI}
{"logTime": "1219/193705", "correlationVector":"hSHNT1X/a4Iz/Jr+kc2hGI.1","action":"SyncServerConnectionManagerRequest", "result":"SYNC_SERVER_OK", "context":{"environment":"Prod_WestEurope_x00e", "migrationStage":"NotStarted", "server":"GENERAL01000024"}}
{"logTime": "1219/193705", "correlationVector":"hSHNT1X/a4Iz/Jr+kc2hGI.2","action":"GetUpdates", "result":"DeleteReceived", "context":{"id":"ac2783bb-d41d-42e0-b1e1-38ab74e09f6f", "isDeleted:":"true", "version":"1678474806372"}}
{"logTime": "1219/193705", "correlationVector":"hSHNT1X/a4Iz/Jr+kc2hGI.3","action":"GetUpdates", "result":"DeleteReceived", "context":{"id":"e840c8a7-c511-4c38-8c6c-b5a5a4010cdb", "isDeleted:":"true", "version":"1678474806373"}}
{"logTime": "1219/193705", "correlationVector":"hSHNT1X/a4Iz/Jr+kc2hGI.4","action":"GetUpdates", "result":"DeleteReceived", "context":{"id":"1f53cac4-c8e5-4d89-b933-a7d6d7b61516", "isDeleted:":"true", "version":"1678474806374"}}
{"logTime": "1219/193705", "correlationVector":"hSHNT1X/a4Iz/Jr+kc2hGI.5","action":"GetUpdates", "result":"DeleteReceived", "context":{"id":"df538c98-6f79-4a38-883c-e002065726d8", "isDeleted:":"true", "version":"1678474806375"}}
{"logTime": "1219/193705", "correlationVector":"hSHNT1X/a4Iz/Jr+kc2hGI.6","action":"GetUpdates", "result":"DeleteReceived", "context":{"id":"dbf38627-bcf1-4457-a9f8-8bf63492dd41", "isDeleted:":"true", "version":"1678474806376"}}
{"logTime": "1219/193705", "correlationVector":"hSHNT1X/a4Iz/Jr+kc2hGI.7","action":"GetUpdates", "result":"DeleteReceived", "context":{"id":"49a3715f-cd4d-4b83-adea-a2be06afcc70", "isDeleted:":"true", "version":"1678474806377"}}
{"logTime": "1219/193705", "correlationVector":"hSHNT1X/a4Iz/Jr+kc2hGI.8","action":"GetUpdates", "result":"DeleteReceived", "context":{"id":"aa3e2dfd-41d2-4579-8654-88c583df52a9", "isDeleted:":"true", "version":"1682261745267"}}
{"logTime": "1219/193705", "correlationVector":"hSHNT1X/a4Iz/Jr+kc2hGI.9","action":"GetUpdates", "result":"DeleteReceived", "context":{"id":"311a4bc4-d25f-4de1-a77a-8399a07c05ac", "isDeleted:":"true", "version":"1682269268647"}}
{"logTime": "1219/193705", "correlationVector":"hSHNT1X/a4Iz/Jr+kc2hGI.10","action":"GetUpdates", "result":"DeleteReceived", "context":{"id":"55c72b54-c414-4b83-bac1-fbf5ba9677f3", "isDeleted:":"true", "version":"1683356932980"}}
{"logTime": "1219/193705", "correlationVector":"hSHNT1X/a4Iz/Jr+kc2hGI.11","action":"GetUpdates", "result":"DeleteReceived", "context":{"id":"f3c5baea-f665-49fe-9a1d-17cbf5d2efa0", "isDeleted:":"true", "version":"1684066033632"}}
{"logTime": "1219/193705", "correlationVector":"hSHNT1X/a4Iz/Jr+kc2hGI.12","action":"GetUpdates", "result":"DeleteReceived", "context":{"id":"c2927bdb-5774-41bd-a8f6-cd0add0929fd", "isDeleted:":"true", "version":"1684220876766"}}
{"logTime": "1219/193705", "correlationVector":"hSHNT1X/a4Iz/Jr+kc2hGI.13","action":"GetUpdates", "result":"DeleteReceived", "context":{"id":"0e84348c-10b5-4bab-9440-67058242a3a0", "isDeleted:":"true", "version":"1684493805374"}}
{"logTime": "1219/193705", "correlationVector":"hSHNT1X/a4Iz/Jr+kc2hGI.14","action":"GetUpdates", "result":"DeleteReceived", "context":{"id":"30b75f73-f49e-4eb5-9bf1-f45bf6153409", "isDeleted:":"true", "version":"1684588125023"}}
{"logTime": "1219/193705", "correlationVector":"hSHNT1X/a4Iz/Jr+kc2hGI.15","action":"GetUpdates", "result":"DeleteReceived", "context":{"id":"82d78c9e-2bdf-4ce0-b499-28f31c31333f", "isDeleted:":"true", "version":"1688978260201"}}
{"logTime": "1219/193705", "correlationVector":"hSHNT1X/a4Iz/Jr+kc2hGI.16","action":"GetUpdates", "result":"DeleteReceived", "context":{"id":"a2cd18e2-b26e-428e-9861-835b6414fc44", "isDeleted:":"true", "version":"1688978260202"}}
{"logTime": "1219/193705", "correlationVector":"hSHNT1X/a4Iz/Jr+kc2hGI.17","action":"GetUpdates", "result":"DeleteReceived", "context":{"id":"86500820-fab5-4b87-9cfb-422b050b477f", "isDeleted:":"true", "version":"1688978260203"}}
{"logTime": "1219/193705", "correlationVector":"hSHNT1X/a4Iz/Jr+kc2hGI.18","action":"GetUpdates", "result":"DeleteReceived", "context":{"id":"f21e1693-42a7-4fdd-b0b1-0f378e47b700", "isDeleted:":"true", "version":"1688978260204"}}
{"logTime": "1219/193705", "correlationVector":"hSHNT1X/a4Iz/Jr+kc2hGI.19","action":"GetUpdates", "result":"DeleteReceived", "context":{"id":"97fd1ad7-8aa1-4086-a0ec-09aa15a53f6e", "isDeleted:":"true", "version":"1688978260205"}}
{"logTime": "1219/193705", "correlationVector":"hSHNT1X/a4Iz/Jr+kc2hGI.20","action":"GetUpdates", "result":"DeleteReceived", "context":{"id":"8480b6bd-8e24-4986-8166-4004950710e0", "isDeleted:":"true", "version":"1688978260206"}}
{"logTime": "1219/193705", "correlationVector":"hSHNT1X/a4Iz/Jr+kc2hGI.21","action":"GetUpdates", "result":"DeleteReceived", "context":{"id":"f6a08d71-b4de-42cb-b0c6-0f8e15082181", "isDeleted:":"true", "version":"1688978260207"}}
{"logTime": "1219/193705", "correlationVector":"hSHNT1X/a4Iz/Jr+kc2hGI.22","action":"GetUpdates", "result":"DeleteReceived", "context":{"id":"def6f417-44a6-4d8b-a4b6-783c7f8fb6ad", "isDeleted:":"true", "version":"1688978260208"}}
{"logTime": "1219/193705", "correlationVector":"hSHNT1X/a4Iz/Jr+kc2hGI.23","action":"GetUpdates", "result":"DeleteReceived", "context":{"id":"f51211df-fea2-4b77-8925-10bfe8861ab8", "isDeleted:":"true", "version":"1688978260209"}}
{"logTime": "1219/193705", "correlationVector":"hSHNT1X/a4Iz/Jr+kc2hGI.24","action":"GetUpdates", "result":"DeleteReceived", "context":{"id":"9ac1ac17-de4b-4ca1-9612-705ee8f613c6", "isDeleted:":"true", "version":"1688978260210"}}
{"logTime": "1219/193705", "correlationVector":"hSHNT1X/a4Iz/Jr+kc2hGI.25","action":"GetUpdates", "result":"DeleteReceived", "context":{"id":"e3cd3da9-a011-4637-92ef-c5b7767a2a0d", "isDeleted:":"true", "version":"1688978260211"}}
{"logTime": "1219/193705", "correlationVector":"hSHNT1X/a4Iz/Jr+kc2hGI.26","action":"GetUpdates", "result":"DeleteReceived", "context":{"id":"0b492355-c098-4a17-944e-05f2e40747d7", "isDeleted:":"true", "version":"1688978260212"}}
{"logTime": "1219/193705", "correlationVector":"hSHNT1X/a4Iz/Jr+kc2hGI.27","action":"GetUpdates", "result":"DeleteReceived", "context":{"id":"bdc9160e-9a26-4ea9-b9ac-978888c269d6", "isDeleted:":"true", "version":"1688978260213"}}
{"logTime": "1219/193705", "correlationVector":"hSHNT1X/a4Iz/Jr+kc2hGI.28","action":"GetUpdates", "result":"DeleteReceived", "context":{"id":"f26047a6-6cbb-44c8-9d78-30dc68d985aa", "isDeleted:":"true", "version":"1688978260214"}}
{"logTime": "1219/193705", "correlationVector":"hSHNT1X/a4Iz/Jr+kc2hGI.29","action":"GetUpdates", "result":"DeleteReceived", "context":{"id":"24fc41fc-78dd-4c79-a91f-2034578ad400", "isDeleted:":"true", "version":"1689918423122"}}
{"logTime": "1219/193705", "correlationVector":"hSHNT1X/a4Iz/Jr+kc2hGI.30","action":"GetUpdates", "result":"DeleteReceived", "context":{"id":"133bb9b6-9d6b-4b72-be49-8f4cdfb7d051", "isDeleted:":"true", "version":"1689918440895"}}
{"logTime": "1219/193705", "correlationVector":"hSHNT1X/a4Iz/Jr+kc2hGI.31","action":"GetUpdates Response", "result":"SYNCER_OK", "context":Received 93 update(s). cV=hSHNT1X/a4Iz/Jr+kc2hGI.0;server=GENERAL01000024;cloudType=Consumer;environment=Prod_WestEurope_x00e;migrationStage=NotStarted}
{"logTime": "1219/193705", "correlationVector":"ERDEiLTfrlngeJzo3QoMe4","action":"Normal GetUpdate request", "result":"", "context":cV=ERDEiLTfrlngeJzo3QoMe4
Nudged types: Sessions
Refresh requested types: Bookmarks, Preferences, Passwords, Autofill Profiles, Autofill, Autofill Custom Data, Typed URLs, Extensions, Sessions, Extension settings, History Delete Directives, Device Info, User Consents, Send Tab To Self, Web Apps, Collection, Edge E Drop, Edge Hub App Usage, Edge Wallet, Encryption Keys}
{"logTime": "1219/193705", "correlationVector":"ERDEiLTfrlngeJzo3QoMe4.1","action":"SyncServerConnectionManagerRequest", "result":"SYNC_SERVER_OK", "context":{"environment":"Prod_WestEurope_000l", "migrationStage":"NotStarted", "server":"GENERAL01000017"}}
{"logTime": "1219/193705", "correlationVector":"ERDEiLTfrlngeJzo3QoMe4.2","action":"GetUpdates Response", "result":"SYNCER_OK", "context":Received 0 update(s). cV=ERDEiLTfrlngeJzo3QoMe4.0;server=GENERAL01000017;cloudType=Consumer;environment=Prod_WestEurope_000l;migrationStage=NotStarted}
{"logTime": "1219/193705", "correlationVector":"lrKyxCn/hxFGvBVg8B9eIA","action":"Commit Request", "result":"", "context":Item count: 4
Contributing types: Sessions}
{"logTime": "1219/193705", "correlationVector":"lrKyxCn/hxFGvBVg8B9eIA.1","action":"SyncServerConnectionManagerRequest", "result":"SYNC_SERVER_OK", "context":{"environment":"Prod_WestEurope_000l", "migrationStage":"NotStarted", "server":"GENERAL01000001"}}
{"logTime": "1219/193705", "correlationVector":"lrKyxCn/hxFGvBVg8B9eIA.3","action":"Commit.Sessions", "result":"Success", "context":{"id":"43f4b610-eba6-49f5-9b78-9ea5bff65391", "isDeleted":"true", "size":"0", "version":"1702998478564"}}
{"logTime": "1219/193705", "correlationVector":"lrKyxCn/hxFGvBVg8B9eIA.2","action":"Commit Response", "result":"SYNCER_OK", "context":Result: SYNCER_OK. cV=lrKyxCn/hxFGvBVg8B9eIA.0;server=GENERAL01000001;cloudType=Consumer;environment=Prod_WestEurope_000l;migrationStage=NotStarted}
{"logTime": "1219/193729", "correlationVector":"BIdyfLI1JFKDq0TiIYemyu","action":"Normal GetUpdate request", "result":"", "context":cV=BIdyfLI1JFKDq0TiIYemyu
Nudged types: Sessions}
{"logTime": "1219/193730", "correlationVector":"BIdyfLI1JFKDq0TiIYemyu.1","action":"SyncServerConnectionManagerRequest", "result":"SYNC_SERVER_OK", "context":{"environment":"Prod_WestEurope_000l", "migrationStage":"NotStarted", "server":"GENERAL0100000M"}}
{"logTime": "1219/193730", "correlationVector":"BIdyfLI1JFKDq0TiIYemyu.2","action":"GetUpdates", "result":"DeleteReceived", "context":{"id":"43f4b610-eba6-49f5-9b78-9ea5bff65391", "isDeleted:":"true", "version":"1703014618729"}}
{"logTime": "1219/193730", "correlationVector":"BIdyfLI1JFKDq0TiIYemyu.3","action":"GetUpdates Response", "result":"SYNCER_OK", "context":Received 4 update(s). cV=BIdyfLI1JFKDq0TiIYemyu.0;server=GENERAL0100000M;cloudType=Consumer;environment=Prod_WestEurope_000l;migrationStage=NotStarted}
{"logTime": "1219/193730", "correlationVector":"spEXaLZomOP8jtut73XbFo","action":"Commit Request", "result":"", "context":Item count: 2
Contributing types: Sessions}
{"logTime": "1219/193730", "correlationVector":"spEXaLZomOP8jtut73XbFo.1","action":"SyncServerConnectionManagerRequest", "result":"SYNC_SERVER_OK", "context":{"environment":"Prod_WestEurope_000l", "migrationStage":"NotStarted", "server":"GENERAL01000003"}}
{"logTime": "1219/193730", "correlationVector":"spEXaLZomOP8jtut73XbFo.3","action":"Commit.Sessions", "result":"Success", "context":{"id":"8d8be645-7a2b-42f3-b5fe-26d3e05f0bff", "isDeleted":"true", "size":"0", "version":"1703014618728"}}
{"logTime": "1219/193730", "correlationVector":"spEXaLZomOP8jtut73XbFo.2","action":"Commit Response", "result":"SYNCER_OK", "context":Result: SYNCER_OK. cV=spEXaLZomOP8jtut73XbFo.0;server=GENERAL01000003;cloudType=Consumer;environment=Prod_WestEurope_000l;migrationStage=NotStarted}
